2016-03-22T03:28:26+00:00 ERR (3): 
exception 'Zend_Mail_Protocol_Exception' with message 'Unable to connect via TLS' in /Users/SutrisnoYao/Documents/ruparuparepo/kl-beta/lib/Zend/Mail/Protocol/Smtp.php:211
Stack trace:
#0 /Users/SutrisnoYao/Documents/ruparuparepo/kl-beta/lib/Zend/Mail/Transport/Smtp.php(200): Zend_Mail_Protocol_Smtp->helo('localhost')
#1 /Users/SutrisnoYao/Documents/ruparuparepo/kl-beta/lib/Zend/Mail/Transport/Abstract.php(348): Zend_Mail_Transport_Smtp->_sendMail()
#2 /Users/SutrisnoYao/Documents/ruparuparepo/kl-beta/lib/Zend/Mail.php(1194): Zend_Mail_Transport_Abstract->send(Object(Zend_Mail))
#3 /Users/SutrisnoYao/Documents/ruparuparepo/kl-beta/app/code/local/Aschroder/SMTPPro/Model/Email/Template.php(132): Zend_Mail->send(Object(Zend_Mail_Transport_Smtp))
#4 /Users/SutrisnoYao/Documents/ruparuparepo/kl-beta/app/code/core/Mage/Core/Model/Email/Template.php(508): Aschroder_SMTPPro_Model_Email_Template->send(Array, Array, Array)
#5 /Users/SutrisnoYao/Documents/ruparuparepo/kl-beta/app/code/community/Fooman/EmailAttachments/Model/Core/Email/Template/Mailer.php(40): Mage_Core_Model_Email_Template->sendTransactional('1', 'sales', Array, Array, Array, '1')
#6 /Users/SutrisnoYao/Documents/ruparuparepo/kl-beta/app/code/core/Mage/Sales/Model/Order.php(1356): Fooman_EmailAttachments_Model_Core_Email_Template_Mailer->send()
#7 /Users/SutrisnoYao/Documents/ruparuparepo/kl-beta/app/code/core/Mage/Sales/Model/Order.php(1371): Mage_Sales_Model_Order->queueNewOrderEmail(true)
#8 /Users/SutrisnoYao/Documents/ruparuparepo/kl-beta/app/code/community/Icube/Vpayment/Model/Type/Onepage.php(817): Mage_Sales_Model_Order->sendNewOrderEmail()
#9 /Users/SutrisnoYao/Documents/ruparuparepo/kl-beta/app/code/community/Icube/Vpayment/controllers/OnepageController.php(963): Icube_Vpayment_Model_Type_Onepage->saveOrder()
#10 /Users/SutrisnoYao/Documents/ruparuparepo/kl-beta/app/code/core/Mage/Core/Controller/Varien/Action.php(418): Icube_Vpayment_OnepageController->saveOrderAction()
#11 /Users/SutrisnoYao/Documents/ruparuparepo/kl-beta/app/code/core/Mage/Core/Controller/Varien/Router/Standard.php(254): Mage_Core_Controller_Varien_Action->dispatch('saveOrder')
#12 /Users/SutrisnoYao/Documents/ruparuparepo/kl-beta/app/code/core/Mage/Core/Controller/Varien/Front.php(172): Mage_Core_Controller_Varien_Router_Standard->match(Object(Mage_Core_Controller_Request_Http))
#13 /Users/SutrisnoYao/Documents/ruparuparepo/kl-beta/app/code/core/Mage/Core/Model/App.php(365): Mage_Core_Controller_Varien_Front->dispatch()
#14 /Users/SutrisnoYao/Documents/ruparuparepo/kl-beta/app/Mage.php(684): Mage_Core_Model_App->run(Array)
#15 /Users/SutrisnoYao/Documents/ruparuparepo/kl-beta/index.php(83): Mage::run('', 'store')
#16 {main}
2016-03-24T04:37:45+00:00 DEBUG (7): Exception message: SQLSTATE[42000]: Syntax error or access violation: 1064 You have an error in your SQL syntax; check the manual that corresponds to your MySQL server version for the right syntax to use near '' at line 1, query was: UPDATE customer_token SET entity_id = 4159 WHERE entity_id = 
Trace: #0 /Users/SutrisnoYao/Documents/ruparuparepo/kl-beta/lib/Varien/Db/Statement/Pdo/Mysql.php(110): Zend_Db_Statement_Pdo->_execute(Array)
#1 /Users/SutrisnoYao/Documents/ruparuparepo/kl-beta/app/code/core/Zend/Db/Statement.php(291): Varien_Db_Statement_Pdo_Mysql->_execute(Array)
#2 /Users/SutrisnoYao/Documents/ruparuparepo/kl-beta/lib/Zend/Db/Adapter/Abstract.php(480): Zend_Db_Statement->execute(Array)
#3 /Users/SutrisnoYao/Documents/ruparuparepo/kl-beta/lib/Zend/Db/Adapter/Pdo/Abstract.php(238): Zend_Db_Adapter_Abstract->query('UPDATE customer...', Array)
#4 /Users/SutrisnoYao/Documents/ruparuparepo/kl-beta/lib/Varien/Db/Adapter/Pdo/Mysql.php(504): Zend_Db_Adapter_Pdo_Abstract->query('UPDATE customer...', Array)
#5 /Users/SutrisnoYao/Documents/ruparuparepo/kl-beta/app/code/local/Ruparupa/Customer/controllers/AccountController.php(375): Varien_Db_Adapter_Pdo_Mysql->query('UPDATE customer...')
#6 /Users/SutrisnoYao/Documents/ruparuparepo/kl-beta/app/code/local/Ruparupa/Customer/controllers/AccountController.php(319): Ruparupa_Customer_AccountController->_successProcessRegistration(Object(Mage_Customer_Model_Customer))
#7 /Users/SutrisnoYao/Documents/ruparuparepo/kl-beta/app/code/core/Mage/Core/Controller/Varien/Action.php(418): Ruparupa_Customer_AccountController->createPostAction()
#8 /Users/SutrisnoYao/Documents/ruparuparepo/kl-beta/app/code/core/Mage/Core/Controller/Varien/Router/Standard.php(254): Mage_Core_Controller_Varien_Action->dispatch('createpost')
#9 /Users/SutrisnoYao/Documents/ruparuparepo/kl-beta/app/code/core/Mage/Core/Controller/Varien/Front.php(172): Mage_Core_Controller_Varien_Router_Standard->match(Object(Mage_Core_Controller_Request_Http))
#10 /Users/SutrisnoYao/Documents/ruparuparepo/kl-beta/app/code/core/Mage/Core/Model/App.php(365): Mage_Core_Controller_Varien_Front->dispatch()
#11 /Users/SutrisnoYao/Documents/ruparuparepo/kl-beta/app/Mage.php(684): Mage_Core_Model_App->run(Array)
#12 /Users/SutrisnoYao/Documents/ruparuparepo/kl-beta/index.php(84): Mage::run('', 'store')
#13 {main}
2016-03-24T04:51:53+00:00 DEBUG (7): Exception message: SQLSTATE[42000]: Syntax error or access violation: 1064 You have an error in your SQL syntax; check the manual that corresponds to your MySQL server version for the right syntax to use near '' at line 1, query was: UPDATE customer_token SET entity_id = 4161 WHERE tokenId = 
Trace: #0 /Users/SutrisnoYao/Documents/ruparuparepo/kl-beta/lib/Varien/Db/Statement/Pdo/Mysql.php(110): Zend_Db_Statement_Pdo->_execute(Array)
#1 /Users/SutrisnoYao/Documents/ruparuparepo/kl-beta/app/code/core/Zend/Db/Statement.php(291): Varien_Db_Statement_Pdo_Mysql->_execute(Array)
#2 /Users/SutrisnoYao/Documents/ruparuparepo/kl-beta/lib/Zend/Db/Adapter/Abstract.php(480): Zend_Db_Statement->execute(Array)
#3 /Users/SutrisnoYao/Documents/ruparuparepo/kl-beta/lib/Zend/Db/Adapter/Pdo/Abstract.php(238): Zend_Db_Adapter_Abstract->query('UPDATE customer...', Array)
#4 /Users/SutrisnoYao/Documents/ruparuparepo/kl-beta/lib/Varien/Db/Adapter/Pdo/Mysql.php(504): Zend_Db_Adapter_Pdo_Abstract->query('UPDATE customer...', Array)
#5 /Users/SutrisnoYao/Documents/ruparuparepo/kl-beta/app/code/local/Ruparupa/Customer/controllers/AccountController.php(374): Varien_Db_Adapter_Pdo_Mysql->query('UPDATE customer...')
#6 /Users/SutrisnoYao/Documents/ruparuparepo/kl-beta/app/code/local/Ruparupa/Customer/controllers/AccountController.php(319): Ruparupa_Customer_AccountController->_successProcessRegistration(Object(Mage_Customer_Model_Customer))
#7 /Users/SutrisnoYao/Documents/ruparuparepo/kl-beta/app/code/core/Mage/Core/Controller/Varien/Action.php(418): Ruparupa_Customer_AccountController->createPostAction()
#8 /Users/SutrisnoYao/Documents/ruparuparepo/kl-beta/app/code/core/Mage/Core/Controller/Varien/Router/Standard.php(254): Mage_Core_Controller_Varien_Action->dispatch('createpost')
#9 /Users/SutrisnoYao/Documents/ruparuparepo/kl-beta/app/code/core/Mage/Core/Controller/Varien/Front.php(172): Mage_Core_Controller_Varien_Router_Standard->match(Object(Mage_Core_Controller_Request_Http))
#10 /Users/SutrisnoYao/Documents/ruparuparepo/kl-beta/app/code/core/Mage/Core/Model/App.php(365): Mage_Core_Controller_Varien_Front->dispatch()
#11 /Users/SutrisnoYao/Documents/ruparuparepo/kl-beta/app/Mage.php(684): Mage_Core_Model_App->run(Array)
#12 /Users/SutrisnoYao/Documents/ruparuparepo/kl-beta/index.php(84): Mage::run('', 'store')
#13 {main}
2016-03-24T04:53:33+00:00 DEBUG (7): Exception message: SQLSTATE[42000]: Syntax error or access violation: 1064 You have an error in your SQL syntax; check the manual that corresponds to your MySQL server version for the right syntax to use near '' at line 1, query was: UPDATE customer_token SET entity_id = '2' WHERE tokenId = 
Trace: #0 /Users/SutrisnoYao/Documents/ruparuparepo/kl-beta/lib/Varien/Db/Statement/Pdo/Mysql.php(110): Zend_Db_Statement_Pdo->_execute(Array)
#1 /Users/SutrisnoYao/Documents/ruparuparepo/kl-beta/app/code/core/Zend/Db/Statement.php(291): Varien_Db_Statement_Pdo_Mysql->_execute(Array)
#2 /Users/SutrisnoYao/Documents/ruparuparepo/kl-beta/lib/Zend/Db/Adapter/Abstract.php(480): Zend_Db_Statement->execute(Array)
#3 /Users/SutrisnoYao/Documents/ruparuparepo/kl-beta/lib/Zend/Db/Adapter/Pdo/Abstract.php(238): Zend_Db_Adapter_Abstract->query('UPDATE customer...', Array)
#4 /Users/SutrisnoYao/Documents/ruparuparepo/kl-beta/lib/Varien/Db/Adapter/Pdo/Mysql.php(504): Zend_Db_Adapter_Pdo_Abstract->query('UPDATE customer...', Array)
#5 /Users/SutrisnoYao/Documents/ruparuparepo/kl-beta/app/code/local/Ruparupa/Customer/controllers/AccountController.php(374): Varien_Db_Adapter_Pdo_Mysql->query('UPDATE customer...')
#6 /Users/SutrisnoYao/Documents/ruparuparepo/kl-beta/app/code/local/Ruparupa/Customer/controllers/AccountController.php(319): Ruparupa_Customer_AccountController->_successProcessRegistration(Object(Mage_Customer_Model_Customer))
#7 /Users/SutrisnoYao/Documents/ruparuparepo/kl-beta/app/code/core/Mage/Core/Controller/Varien/Action.php(418): Ruparupa_Customer_AccountController->createPostAction()
#8 /Users/SutrisnoYao/Documents/ruparuparepo/kl-beta/app/code/core/Mage/Core/Controller/Varien/Router/Standard.php(254): Mage_Core_Controller_Varien_Action->dispatch('createpost')
#9 /Users/SutrisnoYao/Documents/ruparuparepo/kl-beta/app/code/core/Mage/Core/Controller/Varien/Front.php(172): Mage_Core_Controller_Varien_Router_Standard->match(Object(Mage_Core_Controller_Request_Http))
#10 /Users/SutrisnoYao/Documents/ruparuparepo/kl-beta/app/code/core/Mage/Core/Model/App.php(365): Mage_Core_Controller_Varien_Front->dispatch()
#11 /Users/SutrisnoYao/Documents/ruparuparepo/kl-beta/app/Mage.php(684): Mage_Core_Model_App->run(Array)
#12 /Users/SutrisnoYao/Documents/ruparuparepo/kl-beta/index.php(84): Mage::run('', 'store')
#13 {main}
2016-03-24T10:39:58+00:00 ERR (3): 
exception 'Exception' with message 'This letter cannot be sent.' in /Users/SutrisnoYao/Documents/ruparuparepo/kl-beta/app/code/local/Aschroder/SMTPPro/Model/Email/Template.php:40
Stack trace:
#0 /Users/SutrisnoYao/Documents/ruparuparepo/kl-beta/app/code/local/Ruparupa/Customer/controllers/AccountController.php(649): Aschroder_SMTPPro_Model_Email_Template->send('sales@juraganwe...', 'sales juragan', Array)
#1 /Users/SutrisnoYao/Documents/ruparuparepo/kl-beta/app/code/local/Ruparupa/Customer/controllers/AccountController.php(409): Ruparupa_Customer_AccountController->_welcomeCustomer(Object(Mage_Customer_Model_Customer))
#2 /Users/SutrisnoYao/Documents/ruparuparepo/kl-beta/app/code/local/Ruparupa/Customer/controllers/AccountController.php(320): Ruparupa_Customer_AccountController->_successProcessRegistration(Object(Mage_Customer_Model_Customer))
#3 /Users/SutrisnoYao/Documents/ruparuparepo/kl-beta/app/code/core/Mage/Core/Controller/Varien/Action.php(418): Ruparupa_Customer_AccountController->createPostAction()
#4 /Users/SutrisnoYao/Documents/ruparuparepo/kl-beta/app/code/core/Mage/Core/Controller/Varien/Router/Standard.php(254): Mage_Core_Controller_Varien_Action->dispatch('createpost')
#5 /Users/SutrisnoYao/Documents/ruparuparepo/kl-beta/app/code/core/Mage/Core/Controller/Varien/Front.php(172): Mage_Core_Controller_Varien_Router_Standard->match(Object(Mage_Core_Controller_Request_Http))
#6 /Users/SutrisnoYao/Documents/ruparuparepo/kl-beta/app/code/core/Mage/Core/Model/App.php(365): Mage_Core_Controller_Varien_Front->dispatch()
#7 /Users/SutrisnoYao/Documents/ruparuparepo/kl-beta/app/Mage.php(684): Mage_Core_Model_App->run(Array)
#8 /Users/SutrisnoYao/Documents/ruparuparepo/kl-beta/index.php(84): Mage::run('', 'store')
#9 {main}
2016-03-24T10:52:10+00:00 ERR (3): 
exception 'Exception' with message 'This letter cannot be sent.' in /Users/SutrisnoYao/Documents/ruparuparepo/kl-beta/app/code/local/Aschroder/SMTPPro/Model/Email/Template.php:40
Stack trace:
#0 /Users/SutrisnoYao/Documents/ruparuparepo/kl-beta/app/code/local/Ruparupa/Customer/controllers/AccountController.php(652): Aschroder_SMTPPro_Model_Email_Template->send('sales@juraganwe...', 'anjing test', Array)
#1 /Users/SutrisnoYao/Documents/ruparuparepo/kl-beta/app/code/local/Ruparupa/Customer/controllers/AccountController.php(409): Ruparupa_Customer_AccountController->_welcomeCustomer(Object(Mage_Customer_Model_Customer))
#2 /Users/SutrisnoYao/Documents/ruparuparepo/kl-beta/app/code/local/Ruparupa/Customer/controllers/AccountController.php(320): Ruparupa_Customer_AccountController->_successProcessRegistration(Object(Mage_Customer_Model_Customer))
#3 /Users/SutrisnoYao/Documents/ruparuparepo/kl-beta/app/code/core/Mage/Core/Controller/Varien/Action.php(418): Ruparupa_Customer_AccountController->createPostAction()
#4 /Users/SutrisnoYao/Documents/ruparuparepo/kl-beta/app/code/core/Mage/Core/Controller/Varien/Router/Standard.php(254): Mage_Core_Controller_Varien_Action->dispatch('createpost')
#5 /Users/SutrisnoYao/Documents/ruparuparepo/kl-beta/app/code/core/Mage/Core/Controller/Varien/Front.php(172): Mage_Core_Controller_Varien_Router_Standard->match(Object(Mage_Core_Controller_Request_Http))
#6 /Users/SutrisnoYao/Documents/ruparuparepo/kl-beta/app/code/core/Mage/Core/Model/App.php(365): Mage_Core_Controller_Varien_Front->dispatch()
#7 /Users/SutrisnoYao/Documents/ruparuparepo/kl-beta/app/Mage.php(684): Mage_Core_Model_App->run(Array)
#8 /Users/SutrisnoYao/Documents/ruparuparepo/kl-beta/index.php(84): Mage::run('', 'store')
#9 {main}
2016-03-24T10:56:44+00:00 ERR (3): 
exception 'Exception' with message 'This letter cannot be sent.' in /Users/SutrisnoYao/Documents/ruparuparepo/kl-beta/app/code/local/Aschroder/SMTPPro/Model/Email/Template.php:40
Stack trace:
#0 /Users/SutrisnoYao/Documents/ruparuparepo/kl-beta/app/code/local/Ruparupa/Customer/controllers/AccountController.php(650): Aschroder_SMTPPro_Model_Email_Template->send('sutrisno.yao@gm...', 'gogon gigin', Array)
#1 /Users/SutrisnoYao/Documents/ruparuparepo/kl-beta/app/code/local/Ruparupa/Customer/controllers/AccountController.php(407): Ruparupa_Customer_AccountController->_welcomeCustomer(Object(Mage_Customer_Model_Customer))
#2 /Users/SutrisnoYao/Documents/ruparuparepo/kl-beta/app/code/local/Ruparupa/Customer/controllers/AccountController.php(320): Ruparupa_Customer_AccountController->_successProcessRegistration(Object(Mage_Customer_Model_Customer))
#3 /Users/SutrisnoYao/Documents/ruparuparepo/kl-beta/app/code/core/Mage/Core/Controller/Varien/Action.php(418): Ruparupa_Customer_AccountController->createPostAction()
#4 /Users/SutrisnoYao/Documents/ruparuparepo/kl-beta/app/code/core/Mage/Core/Controller/Varien/Router/Standard.php(254): Mage_Core_Controller_Varien_Action->dispatch('createpost')
#5 /Users/SutrisnoYao/Documents/ruparuparepo/kl-beta/app/code/core/Mage/Core/Controller/Varien/Front.php(172): Mage_Core_Controller_Varien_Router_Standard->match(Object(Mage_Core_Controller_Request_Http))
#6 /Users/SutrisnoYao/Documents/ruparuparepo/kl-beta/app/code/core/Mage/Core/Model/App.php(365): Mage_Core_Controller_Varien_Front->dispatch()
#7 /Users/SutrisnoYao/Documents/ruparuparepo/kl-beta/app/Mage.php(684): Mage_Core_Model_App->run(Array)
#8 /Users/SutrisnoYao/Documents/ruparuparepo/kl-beta/index.php(84): Mage::run('', 'store')
#9 {main}
2016-03-24T11:03:20+00:00 ERR (3): 
exception 'Exception' with message 'This letter cannot be sent.' in /Users/SutrisnoYao/Documents/ruparuparepo/kl-beta/app/code/local/Aschroder/SMTPPro/Model/Email/Template.php:40
Stack trace:
#0 /Users/SutrisnoYao/Documents/ruparuparepo/kl-beta/app/code/local/Ruparupa/Customer/controllers/AccountController.php(653): Aschroder_SMTPPro_Model_Email_Template->send('sutrisno.yao@gm...', 'susu belang', Array)
#1 /Users/SutrisnoYao/Documents/ruparuparepo/kl-beta/app/code/local/Ruparupa/Customer/controllers/AccountController.php(407): Ruparupa_Customer_AccountController->_welcomeCustomer(Object(Mage_Customer_Model_Customer))
#2 /Users/SutrisnoYao/Documents/ruparuparepo/kl-beta/app/code/local/Ruparupa/Customer/controllers/AccountController.php(320): Ruparupa_Customer_AccountController->_successProcessRegistration(Object(Mage_Customer_Model_Customer))
#3 /Users/SutrisnoYao/Documents/ruparuparepo/kl-beta/app/code/core/Mage/Core/Controller/Varien/Action.php(418): Ruparupa_Customer_AccountController->createPostAction()
#4 /Users/SutrisnoYao/Documents/ruparuparepo/kl-beta/app/code/core/Mage/Core/Controller/Varien/Router/Standard.php(254): Mage_Core_Controller_Varien_Action->dispatch('createpost')
#5 /Users/SutrisnoYao/Documents/ruparuparepo/kl-beta/app/code/core/Mage/Core/Controller/Varien/Front.php(172): Mage_Core_Controller_Varien_Router_Standard->match(Object(Mage_Core_Controller_Request_Http))
#6 /Users/SutrisnoYao/Documents/ruparuparepo/kl-beta/app/code/core/Mage/Core/Model/App.php(365): Mage_Core_Controller_Varien_Front->dispatch()
#7 /Users/SutrisnoYao/Documents/ruparuparepo/kl-beta/app/Mage.php(684): Mage_Core_Model_App->run(Array)
#8 /Users/SutrisnoYao/Documents/ruparuparepo/kl-beta/index.php(84): Mage::run('', 'store')
#9 {main}
2016-03-24T12:28:45+00:00 ERR (3): 
exception 'Exception' with message 'This letter cannot be sent.' in /Users/SutrisnoYao/Documents/ruparuparepo/kl-beta/app/code/local/Aschroder/SMTPPro/Model/Email/Template.php:40
Stack trace:
#0 /Users/SutrisnoYao/Documents/ruparuparepo/kl-beta/app/code/local/Ruparupa/Customer/controllers/AccountController.php(653): Aschroder_SMTPPro_Model_Email_Template->send('sutrisno.yao@gm...', 'tukang karb', Array)
#1 /Users/SutrisnoYao/Documents/ruparuparepo/kl-beta/app/code/local/Ruparupa/Customer/controllers/AccountController.php(407): Ruparupa_Customer_AccountController->_welcomeCustomer(Object(Mage_Customer_Model_Customer))
#2 /Users/SutrisnoYao/Documents/ruparuparepo/kl-beta/app/code/local/Ruparupa/Customer/controllers/AccountController.php(320): Ruparupa_Customer_AccountController->_successProcessRegistration(Object(Mage_Customer_Model_Customer))
#3 /Users/SutrisnoYao/Documents/ruparuparepo/kl-beta/app/code/core/Mage/Core/Controller/Varien/Action.php(418): Ruparupa_Customer_AccountController->createPostAction()
#4 /Users/SutrisnoYao/Documents/ruparuparepo/kl-beta/app/code/core/Mage/Core/Controller/Varien/Router/Standard.php(254): Mage_Core_Controller_Varien_Action->dispatch('createpost')
#5 /Users/SutrisnoYao/Documents/ruparuparepo/kl-beta/app/code/core/Mage/Core/Controller/Varien/Front.php(172): Mage_Core_Controller_Varien_Router_Standard->match(Object(Mage_Core_Controller_Request_Http))
#6 /Users/SutrisnoYao/Documents/ruparuparepo/kl-beta/app/code/core/Mage/Core/Model/App.php(365): Mage_Core_Controller_Varien_Front->dispatch()
#7 /Users/SutrisnoYao/Documents/ruparuparepo/kl-beta/app/Mage.php(684): Mage_Core_Model_App->run(Array)
#8 /Users/SutrisnoYao/Documents/ruparuparepo/kl-beta/index.php(84): Mage::run('', 'store')
#9 {main}
2016-04-01T03:59:46+00:00 ERR (3): 
exception 'Mage_Core_Exception' with message 'ID gift voucher Anda salah. Kode : "dqdwded"' in /Users/SutrisnoYao/Documents/ruparuparepo/kl-beta/app/Mage.php:580
Stack trace:
#0 /Users/SutrisnoYao/Documents/ruparuparepo/kl-beta/app/code/local/Icube/Customgiftcard/Model/Giftcardaccount.php(236): Mage::exception('Mage_Core', 'ID gift voucher...')
#1 /Users/SutrisnoYao/Documents/ruparuparepo/kl-beta/app/code/local/Icube/Customgiftcard/Model/Giftcardaccount.php(44): Icube_Customgiftcard_Model_Giftcardaccount->_throwException('ID gift voucher...')
#2 /Users/SutrisnoYao/Documents/ruparuparepo/kl-beta/app/code/core/Enterprise/GiftCardAccount/Model/Giftcardaccount.php(382): Icube_Customgiftcard_Model_Giftcardaccount->isValid(true, true, Object(Mage_Core_Model_Website))
#3 /Users/SutrisnoYao/Documents/ruparuparepo/kl-beta/app/code/local/Icube/Customgiftcard/controllers/IndexController.php(46): Enterprise_GiftCardAccount_Model_Giftcardaccount->addToCart()
#4 /Users/SutrisnoYao/Documents/ruparuparepo/kl-beta/app/code/core/Mage/Core/Controller/Varien/Action.php(418): Icube_Customgiftcard_IndexController->quickAddAjaxAction()
#5 /Users/SutrisnoYao/Documents/ruparuparepo/kl-beta/app/code/core/Mage/Core/Controller/Varien/Router/Standard.php(254): Mage_Core_Controller_Varien_Action->dispatch('quickAddAjax')
#6 /Users/SutrisnoYao/Documents/ruparuparepo/kl-beta/app/code/core/Mage/Core/Controller/Varien/Front.php(172): Mage_Core_Controller_Varien_Router_Standard->match(Object(Mage_Core_Controller_Request_Http))
#7 /Users/SutrisnoYao/Documents/ruparuparepo/kl-beta/app/code/core/Mage/Core/Model/App.php(365): Mage_Core_Controller_Varien_Front->dispatch()
#8 /Users/SutrisnoYao/Documents/ruparuparepo/kl-beta/app/Mage.php(684): Mage_Core_Model_App->run(Array)
#9 /Users/SutrisnoYao/Documents/ruparuparepo/kl-beta/index.php(85): Mage::run('', 'store')
#10 {main}
2016-04-01T04:00:29+00:00 ERR (3): 
exception 'Mage_Core_Exception' with message 'Wrong gift card account ID. Requested code haha: "edewd"' in /Users/SutrisnoYao/Documents/ruparuparepo/kl-beta/app/Mage.php:580
Stack trace:
#0 /Users/SutrisnoYao/Documents/ruparuparepo/kl-beta/app/code/local/Icube/Customgiftcard/Model/Giftcardaccount.php(236): Mage::exception('Mage_Core', 'Wrong gift card...')
#1 /Users/SutrisnoYao/Documents/ruparuparepo/kl-beta/app/code/local/Icube/Customgiftcard/Model/Giftcardaccount.php(44): Icube_Customgiftcard_Model_Giftcardaccount->_throwException('Wrong gift card...')
#2 /Users/SutrisnoYao/Documents/ruparuparepo/kl-beta/app/code/core/Enterprise/GiftCardAccount/Model/Giftcardaccount.php(382): Icube_Customgiftcard_Model_Giftcardaccount->isValid(true, true, Object(Mage_Core_Model_Website))
#3 /Users/SutrisnoYao/Documents/ruparuparepo/kl-beta/app/code/local/Icube/Customgiftcard/controllers/IndexController.php(46): Enterprise_GiftCardAccount_Model_Giftcardaccount->addToCart()
#4 /Users/SutrisnoYao/Documents/ruparuparepo/kl-beta/app/code/core/Mage/Core/Controller/Varien/Action.php(418): Icube_Customgiftcard_IndexController->quickAddAjaxAction()
#5 /Users/SutrisnoYao/Documents/ruparuparepo/kl-beta/app/code/core/Mage/Core/Controller/Varien/Router/Standard.php(254): Mage_Core_Controller_Varien_Action->dispatch('quickAddAjax')
#6 /Users/SutrisnoYao/Documents/ruparuparepo/kl-beta/app/code/core/Mage/Core/Controller/Varien/Front.php(172): Mage_Core_Controller_Varien_Router_Standard->match(Object(Mage_Core_Controller_Request_Http))
#7 /Users/SutrisnoYao/Documents/ruparuparepo/kl-beta/app/code/core/Mage/Core/Model/App.php(365): Mage_Core_Controller_Varien_Front->dispatch()
#8 /Users/SutrisnoYao/Documents/ruparuparepo/kl-beta/app/Mage.php(684): Mage_Core_Model_App->run(Array)
#9 /Users/SutrisnoYao/Documents/ruparuparepo/kl-beta/index.php(85): Mage::run('', 'store')
#10 {main}
2016-04-01T04:00:43+00:00 ERR (3): 
exception 'Mage_Core_Exception' with message 'ID gift voucher Anda salah. Kode : "wsqw"' in /Users/SutrisnoYao/Documents/ruparuparepo/kl-beta/app/Mage.php:580
Stack trace:
#0 /Users/SutrisnoYao/Documents/ruparuparepo/kl-beta/app/code/local/Icube/Customgiftcard/Model/Giftcardaccount.php(236): Mage::exception('Mage_Core', 'ID gift voucher...')
#1 /Users/SutrisnoYao/Documents/ruparuparepo/kl-beta/app/code/local/Icube/Customgiftcard/Model/Giftcardaccount.php(44): Icube_Customgiftcard_Model_Giftcardaccount->_throwException('ID gift voucher...')
#2 /Users/SutrisnoYao/Documents/ruparuparepo/kl-beta/app/code/core/Enterprise/GiftCardAccount/Model/Giftcardaccount.php(382): Icube_Customgiftcard_Model_Giftcardaccount->isValid(true, true, Object(Mage_Core_Model_Website))
#3 /Users/SutrisnoYao/Documents/ruparuparepo/kl-beta/app/code/local/Icube/Customgiftcard/controllers/IndexController.php(46): Enterprise_GiftCardAccount_Model_Giftcardaccount->addToCart()
#4 /Users/SutrisnoYao/Documents/ruparuparepo/kl-beta/app/code/core/Mage/Core/Controller/Varien/Action.php(418): Icube_Customgiftcard_IndexController->quickAddAjaxAction()
#5 /Users/SutrisnoYao/Documents/ruparuparepo/kl-beta/app/code/core/Mage/Core/Controller/Varien/Router/Standard.php(254): Mage_Core_Controller_Varien_Action->dispatch('quickAddAjax')
#6 /Users/SutrisnoYao/Documents/ruparuparepo/kl-beta/app/code/core/Mage/Core/Controller/Varien/Front.php(172): Mage_Core_Controller_Varien_Router_Standard->match(Object(Mage_Core_Controller_Request_Http))
#7 /Users/SutrisnoYao/Documents/ruparuparepo/kl-beta/app/code/core/Mage/Core/Model/App.php(365): Mage_Core_Controller_Varien_Front->dispatch()
#8 /Users/SutrisnoYao/Documents/ruparuparepo/kl-beta/app/Mage.php(684): Mage_Core_Model_App->run(Array)
#9 /Users/SutrisnoYao/Documents/ruparuparepo/kl-beta/index.php(85): Mage::run('', 'store')
#10 {main}
2016-04-01T08:52:24+00:00 ERR (3): 
exception 'Mage_Core_Exception' with message 'Gift card account CVXYN7EMSF2U balance does not have funds.' in /Users/SutrisnoYao/Documents/ruparuparepo/kl-beta/app/Mage.php:580
Stack trace:
#0 /Users/SutrisnoYao/Documents/ruparuparepo/kl-beta/app/code/local/Icube/Customgiftcard/Model/Giftcardaccount.php(236): Mage::exception('Mage_Core', 'Gift card accou...')
#1 /Users/SutrisnoYao/Documents/ruparuparepo/kl-beta/app/code/local/Icube/Customgiftcard/Model/Giftcardaccount.php(75): Icube_Customgiftcard_Model_Giftcardaccount->_throwException('Gift card accou...')
#2 /Users/SutrisnoYao/Documents/ruparuparepo/kl-beta/app/code/core/Enterprise/GiftCardAccount/Model/Giftcardaccount.php(382): Icube_Customgiftcard_Model_Giftcardaccount->isValid(true, true, Object(Mage_Core_Model_Website))
#3 /Users/SutrisnoYao/Documents/ruparuparepo/kl-beta/app/code/local/Icube/Customgiftcard/controllers/IndexController.php(46): Enterprise_GiftCardAccount_Model_Giftcardaccount->addToCart()
#4 /Users/SutrisnoYao/Documents/ruparuparepo/kl-beta/app/code/core/Mage/Core/Controller/Varien/Action.php(418): Icube_Customgiftcard_IndexController->quickAddAjaxAction()
#5 /Users/SutrisnoYao/Documents/ruparuparepo/kl-beta/app/code/core/Mage/Core/Controller/Varien/Router/Standard.php(254): Mage_Core_Controller_Varien_Action->dispatch('quickAddAjax')
#6 /Users/SutrisnoYao/Documents/ruparuparepo/kl-beta/app/code/core/Mage/Core/Controller/Varien/Front.php(172): Mage_Core_Controller_Varien_Router_Standard->match(Object(Mage_Core_Controller_Request_Http))
#7 /Users/SutrisnoYao/Documents/ruparuparepo/kl-beta/app/code/core/Mage/Core/Model/App.php(365): Mage_Core_Controller_Varien_Front->dispatch()
#8 /Users/SutrisnoYao/Documents/ruparuparepo/kl-beta/app/Mage.php(684): Mage_Core_Model_App->run(Array)
#9 /Users/SutrisnoYao/Documents/ruparuparepo/kl-beta/index.php(85): Mage::run('', 'store')
#10 {main}
2016-04-01T09:08:29+00:00 ERR (3): 
exception 'Mage_Core_Exception' with message 'Amount to be charged is less than Gift card account CVXYN7EMSF2U minimum purchase value.' in /Users/SutrisnoYao/Documents/ruparuparepo/kl-beta/app/Mage.php:580
Stack trace:
#0 /Users/SutrisnoYao/Documents/ruparuparepo/kl-beta/app/code/local/Icube/Customgiftcard/Model/Giftcardaccount.php(236): Mage::exception('Mage_Core', 'Amount to be ch...')
#1 /Users/SutrisnoYao/Documents/ruparuparepo/kl-beta/app/code/local/Icube/Customgiftcard/Model/Giftcardaccount.php(215): Icube_Customgiftcard_Model_Giftcardaccount->_throwException('Amount to be ch...')
#2 /Users/SutrisnoYao/Documents/ruparuparepo/kl-beta/app/code/core/Enterprise/GiftCardAccount/Model/Giftcardaccount.php(382): Icube_Customgiftcard_Model_Giftcardaccount->isValid(true, true, Object(Mage_Core_Model_Website))
#3 /Users/SutrisnoYao/Documents/ruparuparepo/kl-beta/app/code/local/Icube/Customgiftcard/controllers/IndexController.php(46): Enterprise_GiftCardAccount_Model_Giftcardaccount->addToCart()
#4 /Users/SutrisnoYao/Documents/ruparuparepo/kl-beta/app/code/core/Mage/Core/Controller/Varien/Action.php(418): Icube_Customgiftcard_IndexController->quickAddAjaxAction()
#5 /Users/SutrisnoYao/Documents/ruparuparepo/kl-beta/app/code/core/Mage/Core/Controller/Varien/Router/Standard.php(254): Mage_Core_Controller_Varien_Action->dispatch('quickAddAjax')
#6 /Users/SutrisnoYao/Documents/ruparuparepo/kl-beta/app/code/core/Mage/Core/Controller/Varien/Front.php(172): Mage_Core_Controller_Varien_Router_Standard->match(Object(Mage_Core_Controller_Request_Http))
#7 /Users/SutrisnoYao/Documents/ruparuparepo/kl-beta/app/code/core/Mage/Core/Model/App.php(365): Mage_Core_Controller_Varien_Front->dispatch()
#8 /Users/SutrisnoYao/Documents/ruparuparepo/kl-beta/app/Mage.php(684): Mage_Core_Model_App->run(Array)
#9 /Users/SutrisnoYao/Documents/ruparuparepo/kl-beta/index.php(85): Mage::run('', 'store')
#10 {main}
2016-04-07T10:19:36+00:00 ERR (3): 
exception 'Zend_Mail_Protocol_Exception' with message 'Connection refused' in /Users/SutrisnoYao/Documents/ruparuparepo/kl-beta/lib/Zend/Mail/Protocol/Abstract.php:277
Stack trace:
#0 /Users/SutrisnoYao/Documents/ruparuparepo/kl-beta/lib/Zend/Mail/Protocol/Smtp.php(167): Zend_Mail_Protocol_Abstract->_connect('tcp://smtp.send...')
#1 /Users/SutrisnoYao/Documents/ruparuparepo/kl-beta/lib/Zend/Mail/Transport/Smtp.php(199): Zend_Mail_Protocol_Smtp->connect()
#2 /Users/SutrisnoYao/Documents/ruparuparepo/kl-beta/lib/Zend/Mail/Transport/Abstract.php(348): Zend_Mail_Transport_Smtp->_sendMail()
#3 /Users/SutrisnoYao/Documents/ruparuparepo/kl-beta/lib/Zend/Mail.php(1194): Zend_Mail_Transport_Abstract->send(Object(Zend_Mail))
#4 /Users/SutrisnoYao/Documents/ruparuparepo/kl-beta/app/code/local/Aschroder/SMTPPro/Model/Email/Template.php(132): Zend_Mail->send(Object(Zend_Mail_Transport_Smtp))
#5 /Users/SutrisnoYao/Documents/ruparuparepo/kl-beta/app/code/core/Mage/Core/Model/Email/Template.php(508): Aschroder_SMTPPro_Model_Email_Template->send(Array, Array, Array)
#6 /Users/SutrisnoYao/Documents/ruparuparepo/kl-beta/app/code/community/Fooman/EmailAttachments/Model/Core/Email/Template/Mailer.php(40): Mage_Core_Model_Email_Template->sendTransactional('ruparupa_custom...', 'sales', Array, Array, Array, '1')
#7 /Users/SutrisnoYao/Documents/ruparuparepo/kl-beta/app/code/local/Ruparupa/Customer/controllers/AccountController.php(790): Fooman_EmailAttachments_Model_Core_Email_Template_Mailer->send()
#8 /Users/SutrisnoYao/Documents/ruparuparepo/kl-beta/app/code/local/Ruparupa/Customer/controllers/AccountController.php(528): Ruparupa_Customer_AccountController->_welcomeCustomer(Object(Mage_Customer_Model_Customer))
#9 /Users/SutrisnoYao/Documents/ruparuparepo/kl-beta/app/code/local/Ruparupa/Customer/controllers/AccountController.php(358): Ruparupa_Customer_AccountController->_successProcessRegistration(Object(Mage_Customer_Model_Customer))
#10 /Users/SutrisnoYao/Documents/ruparuparepo/kl-beta/app/code/core/Mage/Core/Controller/Varien/Action.php(418): Ruparupa_Customer_AccountController->createPostAction()
#11 /Users/SutrisnoYao/Documents/ruparuparepo/kl-beta/app/code/core/Mage/Core/Controller/Varien/Router/Standard.php(254): Mage_Core_Controller_Varien_Action->dispatch('createpost')
#12 /Users/SutrisnoYao/Documents/ruparuparepo/kl-beta/app/code/core/Mage/Core/Controller/Varien/Front.php(172): Mage_Core_Controller_Varien_Router_Standard->match(Object(Mage_Core_Controller_Request_Http))
#13 /Users/SutrisnoYao/Documents/ruparuparepo/kl-beta/app/code/core/Mage/Core/Model/App.php(365): Mage_Core_Controller_Varien_Front->dispatch()
#14 /Users/SutrisnoYao/Documents/ruparuparepo/kl-beta/app/Mage.php(684): Mage_Core_Model_App->run(Array)
#15 /Users/SutrisnoYao/Documents/ruparuparepo/kl-beta/index.php(85): Mage::run('', 'store')
#16 {main}
2016-04-07T10:22:04+00:00 ERR (3): 
exception 'Zend_Mail_Protocol_Exception' with message 'Connection refused' in /Users/SutrisnoYao/Documents/ruparuparepo/kl-beta/lib/Zend/Mail/Protocol/Abstract.php:277
Stack trace:
#0 /Users/SutrisnoYao/Documents/ruparuparepo/kl-beta/lib/Zend/Mail/Protocol/Smtp.php(167): Zend_Mail_Protocol_Abstract->_connect('tcp://smtp.send...')
#1 /Users/SutrisnoYao/Documents/ruparuparepo/kl-beta/lib/Zend/Mail/Transport/Smtp.php(199): Zend_Mail_Protocol_Smtp->connect()
#2 /Users/SutrisnoYao/Documents/ruparuparepo/kl-beta/lib/Zend/Mail/Transport/Abstract.php(348): Zend_Mail_Transport_Smtp->_sendMail()
#3 /Users/SutrisnoYao/Documents/ruparuparepo/kl-beta/lib/Zend/Mail.php(1194): Zend_Mail_Transport_Abstract->send(Object(Zend_Mail))
#4 /Users/SutrisnoYao/Documents/ruparuparepo/kl-beta/app/code/local/Aschroder/SMTPPro/Model/Email/Template.php(132): Zend_Mail->send(Object(Zend_Mail_Transport_Smtp))
#5 /Users/SutrisnoYao/Documents/ruparuparepo/kl-beta/app/code/core/Mage/Core/Model/Email/Template.php(508): Aschroder_SMTPPro_Model_Email_Template->send(Array, Array, Array)
#6 /Users/SutrisnoYao/Documents/ruparuparepo/kl-beta/app/code/community/Fooman/EmailAttachments/Model/Core/Email/Template/Mailer.php(40): Mage_Core_Model_Email_Template->sendTransactional('ruparupa_custom...', 'sales', Array, Array, Array, '1')
#7 /Users/SutrisnoYao/Documents/ruparuparepo/kl-beta/app/code/local/Ruparupa/Customer/controllers/AccountController.php(790): Fooman_EmailAttachments_Model_Core_Email_Template_Mailer->send()
#8 /Users/SutrisnoYao/Documents/ruparuparepo/kl-beta/app/code/local/Ruparupa/Customer/controllers/AccountController.php(528): Ruparupa_Customer_AccountController->_welcomeCustomer(Object(Mage_Customer_Model_Customer))
#9 /Users/SutrisnoYao/Documents/ruparuparepo/kl-beta/app/code/local/Ruparupa/Customer/controllers/AccountController.php(358): Ruparupa_Customer_AccountController->_successProcessRegistration(Object(Mage_Customer_Model_Customer))
#10 /Users/SutrisnoYao/Documents/ruparuparepo/kl-beta/app/code/core/Mage/Core/Controller/Varien/Action.php(418): Ruparupa_Customer_AccountController->createPostAction()
#11 /Users/SutrisnoYao/Documents/ruparuparepo/kl-beta/app/code/core/Mage/Core/Controller/Varien/Router/Standard.php(254): Mage_Core_Controller_Varien_Action->dispatch('createpost')
#12 /Users/SutrisnoYao/Documents/ruparuparepo/kl-beta/app/code/core/Mage/Core/Controller/Varien/Front.php(172): Mage_Core_Controller_Varien_Router_Standard->match(Object(Mage_Core_Controller_Request_Http))
#13 /Users/SutrisnoYao/Documents/ruparuparepo/kl-beta/app/code/core/Mage/Core/Model/App.php(365): Mage_Core_Controller_Varien_Front->dispatch()
#14 /Users/SutrisnoYao/Documents/ruparuparepo/kl-beta/app/Mage.php(684): Mage_Core_Model_App->run(Array)
#15 /Users/SutrisnoYao/Documents/ruparuparepo/kl-beta/index.php(85): Mage::run('', 'store')
#16 {main}
2016-04-08T02:46:05+00:00 ERR (3): 
exception 'Zend_Mail_Protocol_Exception' with message 'Could not open socket' in /Users/SutrisnoYao/Documents/ruparuparepo/kl-beta/lib/Zend/Mail/Protocol/Abstract.php:277
Stack trace:
#0 /Users/SutrisnoYao/Documents/ruparuparepo/kl-beta/lib/Zend/Mail/Protocol/Smtp.php(167): Zend_Mail_Protocol_Abstract->_connect('tcp://smtp.send...')
#1 /Users/SutrisnoYao/Documents/ruparuparepo/kl-beta/lib/Zend/Mail/Transport/Smtp.php(199): Zend_Mail_Protocol_Smtp->connect()
#2 /Users/SutrisnoYao/Documents/ruparuparepo/kl-beta/lib/Zend/Mail/Transport/Abstract.php(348): Zend_Mail_Transport_Smtp->_sendMail()
#3 /Users/SutrisnoYao/Documents/ruparuparepo/kl-beta/lib/Zend/Mail.php(1194): Zend_Mail_Transport_Abstract->send(Object(Zend_Mail))
#4 /Users/SutrisnoYao/Documents/ruparuparepo/kl-beta/app/code/local/Aschroder/SMTPPro/Model/Email/Template.php(132): Zend_Mail->send(Object(Zend_Mail_Transport_Smtp))
#5 /Users/SutrisnoYao/Documents/ruparuparepo/kl-beta/app/code/core/Mage/Core/Model/Email/Template.php(508): Aschroder_SMTPPro_Model_Email_Template->send(Array, Array, Array)
#6 /Users/SutrisnoYao/Documents/ruparuparepo/kl-beta/app/code/community/Fooman/EmailAttachments/Model/Core/Email/Template/Mailer.php(40): Mage_Core_Model_Email_Template->sendTransactional('customer_create...', 'general', Array, Array, Array, '1')
#7 /Users/SutrisnoYao/Documents/ruparuparepo/kl-beta/app/code/core/Mage/Customer/Model/Customer.php(680): Fooman_EmailAttachments_Model_Core_Email_Template_Mailer->send()
#8 /Users/SutrisnoYao/Documents/ruparuparepo/kl-beta/app/code/core/Mage/Customer/Model/Customer.php(607): Mage_Customer_Model_Customer->_sendEmailTemplate('customer/create...', 'customer/create...', Array, '1')
#9 /Users/SutrisnoYao/Documents/ruparuparepo/kl-beta/app/code/local/Ruparupa/Customer/controllers/AccountController.php(851): Mage_Customer_Model_Customer->sendNewAccountEmail('registered', '', '1')
#10 /Users/SutrisnoYao/Documents/ruparuparepo/kl-beta/app/code/local/Ruparupa/Customer/controllers/AccountController.php(550): Ruparupa_Customer_AccountController->_welcomeCustomer(Object(Mage_Customer_Model_Customer))
#11 /Users/SutrisnoYao/Documents/ruparuparepo/kl-beta/app/code/local/Ruparupa/Customer/controllers/AccountController.php(382): Ruparupa_Customer_AccountController->_successProcessRegistration(Object(Mage_Customer_Model_Customer))
#12 /Users/SutrisnoYao/Documents/ruparuparepo/kl-beta/app/code/core/Mage/Core/Controller/Varien/Action.php(418): Ruparupa_Customer_AccountController->createPostAction()
#13 /Users/SutrisnoYao/Documents/ruparuparepo/kl-beta/app/code/core/Mage/Core/Controller/Varien/Router/Standard.php(254): Mage_Core_Controller_Varien_Action->dispatch('createpost')
#14 /Users/SutrisnoYao/Documents/ruparuparepo/kl-beta/app/code/core/Mage/Core/Controller/Varien/Front.php(172): Mage_Core_Controller_Varien_Router_Standard->match(Object(Mage_Core_Controller_Request_Http))
#15 /Users/SutrisnoYao/Documents/ruparuparepo/kl-beta/app/code/core/Mage/Core/Model/App.php(365): Mage_Core_Controller_Varien_Front->dispatch()
#16 /Users/SutrisnoYao/Documents/ruparuparepo/kl-beta/app/Mage.php(684): Mage_Core_Model_App->run(Array)
#17 /Users/SutrisnoYao/Documents/ruparuparepo/kl-beta/index.php(85): Mage::run('', 'store')
#18 {main}
2016-04-11T10:14:14+00:00 ERR (3): 
exception 'Zend_Mail_Protocol_Exception' with message 'Connection refused' in /Users/SutrisnoYao/Documents/ruparuparepo/kl-beta/lib/Zend/Mail/Protocol/Abstract.php:277
Stack trace:
#0 /Users/SutrisnoYao/Documents/ruparuparepo/kl-beta/lib/Zend/Mail/Protocol/Smtp.php(167): Zend_Mail_Protocol_Abstract->_connect('tcp://smtp.send...')
#1 /Users/SutrisnoYao/Documents/ruparuparepo/kl-beta/lib/Zend/Mail/Transport/Smtp.php(199): Zend_Mail_Protocol_Smtp->connect()
#2 /Users/SutrisnoYao/Documents/ruparuparepo/kl-beta/lib/Zend/Mail/Transport/Abstract.php(348): Zend_Mail_Transport_Smtp->_sendMail()
#3 /Users/SutrisnoYao/Documents/ruparuparepo/kl-beta/lib/Zend/Mail.php(1194): Zend_Mail_Transport_Abstract->send(Object(Zend_Mail))
#4 /Users/SutrisnoYao/Documents/ruparuparepo/kl-beta/app/code/local/Aschroder/SMTPPro/Model/Email/Template.php(132): Zend_Mail->send(Object(Zend_Mail_Transport_Smtp))
#5 /Users/SutrisnoYao/Documents/ruparuparepo/kl-beta/app/code/core/Mage/Core/Model/Email/Template.php(508): Aschroder_SMTPPro_Model_Email_Template->send(Array, Array, Array)
#6 /Users/SutrisnoYao/Documents/ruparuparepo/kl-beta/app/code/community/Fooman/EmailAttachments/Model/Core/Email/Template/Mailer.php(40): Mage_Core_Model_Email_Template->sendTransactional('ruparupa_custom...', 'sales', Array, Array, Array, '1')
#7 /Users/SutrisnoYao/Documents/ruparuparepo/kl-beta/app/code/local/Ruparupa/Customer/controllers/AccountController.php(812): Fooman_EmailAttachments_Model_Core_Email_Template_Mailer->send()
#8 /Users/SutrisnoYao/Documents/ruparuparepo/kl-beta/app/code/local/Ruparupa/Customer/controllers/AccountController.php(550): Ruparupa_Customer_AccountController->_welcomeCustomer(Object(Mage_Customer_Model_Customer))
#9 /Users/SutrisnoYao/Documents/ruparuparepo/kl-beta/app/code/local/Ruparupa/Customer/controllers/AccountController.php(382): Ruparupa_Customer_AccountController->_successProcessRegistration(Object(Mage_Customer_Model_Customer))
#10 /Users/SutrisnoYao/Documents/ruparuparepo/kl-beta/app/code/core/Mage/Core/Controller/Varien/Action.php(418): Ruparupa_Customer_AccountController->createPostAction()
#11 /Users/SutrisnoYao/Documents/ruparuparepo/kl-beta/app/code/core/Mage/Core/Controller/Varien/Router/Standard.php(254): Mage_Core_Controller_Varien_Action->dispatch('createpost')
#12 /Users/SutrisnoYao/Documents/ruparuparepo/kl-beta/app/code/core/Mage/Core/Controller/Varien/Front.php(172): Mage_Core_Controller_Varien_Router_Standard->match(Object(Mage_Core_Controller_Request_Http))
#13 /Users/SutrisnoYao/Documents/ruparuparepo/kl-beta/app/code/core/Mage/Core/Model/App.php(365): Mage_Core_Controller_Varien_Front->dispatch()
#14 /Users/SutrisnoYao/Documents/ruparuparepo/kl-beta/app/Mage.php(684): Mage_Core_Model_App->run(Array)
#15 /Users/SutrisnoYao/Documents/ruparuparepo/kl-beta/index.php(85): Mage::run('', 'store')
#16 {main}
2016-04-12T06:58:55+00:00 ERR (3): 
exception 'Zend_Mail_Protocol_Exception' with message 'Connection refused' in /Users/SutrisnoYao/Documents/ruparuparepo/kl-beta/lib/Zend/Mail/Protocol/Abstract.php:277
Stack trace:
#0 /Users/SutrisnoYao/Documents/ruparuparepo/kl-beta/lib/Zend/Mail/Protocol/Smtp.php(167): Zend_Mail_Protocol_Abstract->_connect('tcp://smtp.send...')
#1 /Users/SutrisnoYao/Documents/ruparuparepo/kl-beta/lib/Zend/Mail/Transport/Smtp.php(199): Zend_Mail_Protocol_Smtp->connect()
#2 /Users/SutrisnoYao/Documents/ruparuparepo/kl-beta/lib/Zend/Mail/Transport/Abstract.php(348): Zend_Mail_Transport_Smtp->_sendMail()
#3 /Users/SutrisnoYao/Documents/ruparuparepo/kl-beta/lib/Zend/Mail.php(1194): Zend_Mail_Transport_Abstract->send(Object(Zend_Mail))
#4 /Users/SutrisnoYao/Documents/ruparuparepo/kl-beta/app/code/local/Aschroder/SMTPPro/Model/Email/Template.php(132): Zend_Mail->send(Object(Zend_Mail_Transport_Smtp))
#5 /Users/SutrisnoYao/Documents/ruparuparepo/kl-beta/app/code/core/Mage/Core/Model/Email/Template.php(508): Aschroder_SMTPPro_Model_Email_Template->send(Array, Array, Array)
#6 /Users/SutrisnoYao/Documents/ruparuparepo/kl-beta/app/code/community/Fooman/EmailAttachments/Model/Core/Email/Template/Mailer.php(40): Mage_Core_Model_Email_Template->sendTransactional('ruparupa_custom...', 'sales', Array, Array, Array, '1')
#7 /Users/SutrisnoYao/Documents/ruparuparepo/kl-beta/app/code/local/Ruparupa/Customer/controllers/AccountController.php(812): Fooman_EmailAttachments_Model_Core_Email_Template_Mailer->send()
#8 /Users/SutrisnoYao/Documents/ruparuparepo/kl-beta/app/code/local/Ruparupa/Customer/controllers/AccountController.php(550): Ruparupa_Customer_AccountController->_welcomeCustomer(Object(Mage_Customer_Model_Customer))
#9 /Users/SutrisnoYao/Documents/ruparuparepo/kl-beta/app/code/local/Ruparupa/Customer/controllers/AccountController.php(382): Ruparupa_Customer_AccountController->_successProcessRegistration(Object(Mage_Customer_Model_Customer))
#10 /Users/SutrisnoYao/Documents/ruparuparepo/kl-beta/app/code/core/Mage/Core/Controller/Varien/Action.php(418): Ruparupa_Customer_AccountController->createPostAction()
#11 /Users/SutrisnoYao/Documents/ruparuparepo/kl-beta/app/code/core/Mage/Core/Controller/Varien/Router/Standard.php(254): Mage_Core_Controller_Varien_Action->dispatch('createpost')
#12 /Users/SutrisnoYao/Documents/ruparuparepo/kl-beta/app/code/core/Mage/Core/Controller/Varien/Front.php(172): Mage_Core_Controller_Varien_Router_Standard->match(Object(Mage_Core_Controller_Request_Http))
#13 /Users/SutrisnoYao/Documents/ruparuparepo/kl-beta/app/code/core/Mage/Core/Model/App.php(365): Mage_Core_Controller_Varien_Front->dispatch()
#14 /Users/SutrisnoYao/Documents/ruparuparepo/kl-beta/app/Mage.php(684): Mage_Core_Model_App->run(Array)
#15 /Users/SutrisnoYao/Documents/ruparuparepo/kl-beta/index.php(85): Mage::run('', 'store')
#16 {main}
2016-04-12T09:54:34+00:00 ERR (3): 
exception 'Zend_Mail_Protocol_Exception' with message 'Connection refused' in /Users/SutrisnoYao/Documents/ruparuparepo/kl-beta/lib/Zend/Mail/Protocol/Abstract.php:277
Stack trace:
#0 /Users/SutrisnoYao/Documents/ruparuparepo/kl-beta/lib/Zend/Mail/Protocol/Smtp.php(167): Zend_Mail_Protocol_Abstract->_connect('tcp://smtp.send...')
#1 /Users/SutrisnoYao/Documents/ruparuparepo/kl-beta/lib/Zend/Mail/Transport/Smtp.php(199): Zend_Mail_Protocol_Smtp->connect()
#2 /Users/SutrisnoYao/Documents/ruparuparepo/kl-beta/lib/Zend/Mail/Transport/Abstract.php(348): Zend_Mail_Transport_Smtp->_sendMail()
#3 /Users/SutrisnoYao/Documents/ruparuparepo/kl-beta/lib/Zend/Mail.php(1194): Zend_Mail_Transport_Abstract->send(Object(Zend_Mail))
#4 /Users/SutrisnoYao/Documents/ruparuparepo/kl-beta/app/code/local/Aschroder/SMTPPro/Model/Email/Template.php(132): Zend_Mail->send(Object(Zend_Mail_Transport_Smtp))
#5 /Users/SutrisnoYao/Documents/ruparuparepo/kl-beta/app/code/core/Mage/Core/Model/Email/Template.php(508): Aschroder_SMTPPro_Model_Email_Template->send(Array, Array, Array)
#6 /Users/SutrisnoYao/Documents/ruparuparepo/kl-beta/app/code/community/Fooman/EmailAttachments/Model/Core/Email/Template/Mailer.php(40): Mage_Core_Model_Email_Template->sendTransactional('customer_create...', 'general', Array, Array, Array, '1')
#7 /Users/SutrisnoYao/Documents/ruparuparepo/kl-beta/app/code/core/Mage/Customer/Model/Customer.php(680): Fooman_EmailAttachments_Model_Core_Email_Template_Mailer->send()
#8 /Users/SutrisnoYao/Documents/ruparuparepo/kl-beta/app/code/core/Mage/Customer/Model/Customer.php(607): Mage_Customer_Model_Customer->_sendEmailTemplate('customer/create...', 'customer/create...', Array, '1')
#9 /Users/SutrisnoYao/Documents/ruparuparepo/kl-beta/app/code/local/Ruparupa/Customer/controllers/AccountController.php(854): Mage_Customer_Model_Customer->sendNewAccountEmail('registered', '', '1')
#10 /Users/SutrisnoYao/Documents/ruparuparepo/kl-beta/app/code/local/Ruparupa/Customer/controllers/AccountController.php(553): Ruparupa_Customer_AccountController->_welcomeCustomer(Object(Mage_Customer_Model_Customer))
#11 /Users/SutrisnoYao/Documents/ruparuparepo/kl-beta/app/code/local/Ruparupa/Customer/controllers/AccountController.php(385): Ruparupa_Customer_AccountController->_successProcessRegistration(Object(Mage_Customer_Model_Customer))
#12 /Users/SutrisnoYao/Documents/ruparuparepo/kl-beta/app/code/core/Mage/Core/Controller/Varien/Action.php(418): Ruparupa_Customer_AccountController->createPostAction()
#13 /Users/SutrisnoYao/Documents/ruparuparepo/kl-beta/app/code/core/Mage/Core/Controller/Varien/Router/Standard.php(254): Mage_Core_Controller_Varien_Action->dispatch('createpost')
#14 /Users/SutrisnoYao/Documents/ruparuparepo/kl-beta/app/code/core/Mage/Core/Controller/Varien/Front.php(172): Mage_Core_Controller_Varien_Router_Standard->match(Object(Mage_Core_Controller_Request_Http))
#15 /Users/SutrisnoYao/Documents/ruparuparepo/kl-beta/app/code/core/Mage/Core/Model/App.php(365): Mage_Core_Controller_Varien_Front->dispatch()
#16 /Users/SutrisnoYao/Documents/ruparuparepo/kl-beta/app/Mage.php(684): Mage_Core_Model_App->run(Array)
#17 /Users/SutrisnoYao/Documents/ruparuparepo/kl-beta/index.php(85): Mage::run('', 'store')
#18 {main}
2016-04-12T17:31:01+00:00 ERR (3): 
exception 'Zend_Mail_Protocol_Exception' with message 'Could not open socket' in /Users/SutrisnoYao/Documents/ruparuparepo/kl-beta/lib/Zend/Mail/Protocol/Abstract.php:277
Stack trace:
#0 /Users/SutrisnoYao/Documents/ruparuparepo/kl-beta/lib/Zend/Mail/Protocol/Smtp.php(167): Zend_Mail_Protocol_Abstract->_connect('tcp://smtp.send...')
#1 /Users/SutrisnoYao/Documents/ruparuparepo/kl-beta/lib/Zend/Mail/Transport/Smtp.php(199): Zend_Mail_Protocol_Smtp->connect()
#2 /Users/SutrisnoYao/Documents/ruparuparepo/kl-beta/lib/Zend/Mail/Transport/Abstract.php(348): Zend_Mail_Transport_Smtp->_sendMail()
#3 /Users/SutrisnoYao/Documents/ruparuparepo/kl-beta/lib/Zend/Mail.php(1194): Zend_Mail_Transport_Abstract->send(Object(Zend_Mail))
#4 /Users/SutrisnoYao/Documents/ruparuparepo/kl-beta/app/code/local/Aschroder/SMTPPro/Model/Email/Template.php(132): Zend_Mail->send(Object(Zend_Mail_Transport_Smtp))
#5 /Users/SutrisnoYao/Documents/ruparuparepo/kl-beta/app/code/core/Mage/Core/Model/Email/Template.php(508): Aschroder_SMTPPro_Model_Email_Template->send(Array, Array, Array)
#6 /Users/SutrisnoYao/Documents/ruparuparepo/kl-beta/app/code/community/Fooman/EmailAttachments/Model/Core/Email/Template/Mailer.php(40): Mage_Core_Model_Email_Template->sendTransactional('ruparupa_custom...', 'sales', Array, Array, Array, '1')
#7 /Users/SutrisnoYao/Documents/ruparuparepo/kl-beta/app/code/local/Ruparupa/Customer/controllers/AccountController.php(815): Fooman_EmailAttachments_Model_Core_Email_Template_Mailer->send()
#8 /Users/SutrisnoYao/Documents/ruparuparepo/kl-beta/app/code/local/Ruparupa/Customer/controllers/AccountController.php(553): Ruparupa_Customer_AccountController->_welcomeCustomer(Object(Mage_Customer_Model_Customer))
#9 /Users/SutrisnoYao/Documents/ruparuparepo/kl-beta/app/code/local/Ruparupa/Customer/controllers/AccountController.php(385): Ruparupa_Customer_AccountController->_successProcessRegistration(Object(Mage_Customer_Model_Customer))
#10 /Users/SutrisnoYao/Documents/ruparuparepo/kl-beta/app/code/core/Mage/Core/Controller/Varien/Action.php(418): Ruparupa_Customer_AccountController->createPostAction()
#11 /Users/SutrisnoYao/Documents/ruparuparepo/kl-beta/app/code/core/Mage/Core/Controller/Varien/Router/Standard.php(254): Mage_Core_Controller_Varien_Action->dispatch('createpost')
#12 /Users/SutrisnoYao/Documents/ruparuparepo/kl-beta/app/code/core/Mage/Core/Controller/Varien/Front.php(172): Mage_Core_Controller_Varien_Router_Standard->match(Object(Mage_Core_Controller_Request_Http))
#13 /Users/SutrisnoYao/Documents/ruparuparepo/kl-beta/app/code/core/Mage/Core/Model/App.php(365): Mage_Core_Controller_Varien_Front->dispatch()
#14 /Users/SutrisnoYao/Documents/ruparuparepo/kl-beta/app/Mage.php(684): Mage_Core_Model_App->run(Array)
#15 /Users/SutrisnoYao/Documents/ruparuparepo/kl-beta/index.php(85): Mage::run('', 'store')
#16 {main}
2016-05-02T06:21:52+00:00 ERR (3): 
exception 'PDOException' with message 'SQLSTATE[23000]: Integrity constraint violation: 1062 Duplicate entry '1960' for key 'PRIMARY'' in /Users/SutrisnoYao/Documents/ruparuparepo/kl-beta/lib/Zend/Db/Statement/Pdo.php:228
Stack trace:
#0 /Users/SutrisnoYao/Documents/ruparuparepo/kl-beta/lib/Zend/Db/Statement/Pdo.php(228): PDOStatement->execute(Array)
#1 /Users/SutrisnoYao/Documents/ruparuparepo/kl-beta/lib/Varien/Db/Statement/Pdo/Mysql.php(110): Zend_Db_Statement_Pdo->_execute(Array)
#2 /Users/SutrisnoYao/Documents/ruparuparepo/kl-beta/app/code/core/Zend/Db/Statement.php(291): Varien_Db_Statement_Pdo_Mysql->_execute(Array)
#3 /Users/SutrisnoYao/Documents/ruparuparepo/kl-beta/lib/Zend/Db/Adapter/Abstract.php(480): Zend_Db_Statement->execute(Array)
#4 /Users/SutrisnoYao/Documents/ruparuparepo/kl-beta/lib/Zend/Db/Adapter/Pdo/Abstract.php(238): Zend_Db_Adapter_Abstract->query('INSERT INTO `lo...', Array)
#5 /Users/SutrisnoYao/Documents/ruparuparepo/kl-beta/lib/Varien/Db/Adapter/Pdo/Mysql.php(504): Zend_Db_Adapter_Pdo_Abstract->query('INSERT INTO `lo...', Array)
#6 /Users/SutrisnoYao/Documents/ruparuparepo/kl-beta/lib/Zend/Db/Adapter/Abstract.php(576): Varien_Db_Adapter_Pdo_Mysql->query('INSERT INTO `lo...', Array)
#7 /Users/SutrisnoYao/Documents/ruparuparepo/kl-beta/app/code/core/Mage/Log/Model/Resource/Visitor.php(290): Zend_Db_Adapter_Abstract->insert('log_quote', Array)
#8 /Users/SutrisnoYao/Documents/ruparuparepo/kl-beta/app/code/core/Mage/Log/Model/Resource/Visitor.php(141): Mage_Log_Model_Resource_Visitor->_saveQuoteInfo(Object(Mage_Log_Model_Visitor))
#9 /Users/SutrisnoYao/Documents/ruparuparepo/kl-beta/app/code/core/Mage/Core/Model/Resource/Db/Abstract.php(463): Mage_Log_Model_Resource_Visitor->_afterSave(Object(Mage_Log_Model_Visitor))
#10 /Users/SutrisnoYao/Documents/ruparuparepo/kl-beta/app/code/core/Mage/Core/Model/Abstract.php(318): Mage_Core_Model_Resource_Db_Abstract->save(Object(Mage_Log_Model_Visitor))
#11 /Users/SutrisnoYao/Documents/ruparuparepo/kl-beta/app/code/core/Mage/Log/Model/Visitor.php(237): Mage_Core_Model_Abstract->save()
#12 /Users/SutrisnoYao/Documents/ruparuparepo/kl-beta/app/code/core/Mage/Core/Model/App.php(1358): Mage_Log_Model_Visitor->saveByRequest(Object(Varien_Event_Observer))
#13 /Users/SutrisnoYao/Documents/ruparuparepo/kl-beta/app/code/core/Mage/Core/Model/App.php(1337): Mage_Core_Model_App->_callObserverMethod(Object(Mage_Log_Model_Visitor), 'saveByRequest', Object(Varien_Event_Observer))
#14 /Users/SutrisnoYao/Documents/ruparuparepo/kl-beta/app/Mage.php(448): Mage_Core_Model_App->dispatchEvent('controller_acti...', Array)
#15 /Users/SutrisnoYao/Documents/ruparuparepo/kl-beta/app/code/core/Mage/Core/Controller/Varien/Action.php(551): Mage::dispatchEvent('controller_acti...', Array)
#16 /Users/SutrisnoYao/Documents/ruparuparepo/kl-beta/app/code/core/Mage/Core/Controller/Front/Action.php(80): Mage_Core_Controller_Varien_Action->postDispatch()
#17 /Users/SutrisnoYao/Documents/ruparuparepo/kl-beta/app/code/core/Mage/Core/Controller/Varien/Action.php(422): Mage_Core_Controller_Front_Action->postDispatch()
#18 /Users/SutrisnoYao/Documents/ruparuparepo/kl-beta/app/code/core/Mage/Core/Controller/Varien/Router/Standard.php(254): Mage_Core_Controller_Varien_Action->dispatch('add')
#19 /Users/SutrisnoYao/Documents/ruparuparepo/kl-beta/app/code/core/Mage/Core/Controller/Varien/Front.php(172): Mage_Core_Controller_Varien_Router_Standard->match(Object(Mage_Core_Controller_Request_Http))
#20 /Users/SutrisnoYao/Documents/ruparuparepo/kl-beta/app/code/core/Mage/Core/Model/App.php(365): Mage_Core_Controller_Varien_Front->dispatch()
#21 /Users/SutrisnoYao/Documents/ruparuparepo/kl-beta/app/Mage.php(684): Mage_Core_Model_App->run(Array)
#22 /Users/SutrisnoYao/Documents/ruparuparepo/kl-beta/index.php(85): Mage::run('', 'store')
#23 {main}

Next exception 'Zend_Db_Statement_Exception' with message 'SQLSTATE[23000]: Integrity constraint violation: 1062 Duplicate entry '1960' for key 'PRIMARY', query was: INSERT INTO `log_quote` (`quote_id`, `visitor_id`, `created_at`) VALUES (?, ?, '2016-05-02 06:21:52')' in /Users/SutrisnoYao/Documents/ruparuparepo/kl-beta/lib/Zend/Db/Statement/Pdo.php:235
Stack trace:
#0 /Users/SutrisnoYao/Documents/ruparuparepo/kl-beta/lib/Varien/Db/Statement/Pdo/Mysql.php(110): Zend_Db_Statement_Pdo->_execute(Array)
#1 /Users/SutrisnoYao/Documents/ruparuparepo/kl-beta/app/code/core/Zend/Db/Statement.php(291): Varien_Db_Statement_Pdo_Mysql->_execute(Array)
#2 /Users/SutrisnoYao/Documents/ruparuparepo/kl-beta/lib/Zend/Db/Adapter/Abstract.php(480): Zend_Db_Statement->execute(Array)
#3 /Users/SutrisnoYao/Documents/ruparuparepo/kl-beta/lib/Zend/Db/Adapter/Pdo/Abstract.php(238): Zend_Db_Adapter_Abstract->query('INSERT INTO `lo...', Array)
#4 /Users/SutrisnoYao/Documents/ruparuparepo/kl-beta/lib/Varien/Db/Adapter/Pdo/Mysql.php(504): Zend_Db_Adapter_Pdo_Abstract->query('INSERT INTO `lo...', Array)
#5 /Users/SutrisnoYao/Documents/ruparuparepo/kl-beta/lib/Zend/Db/Adapter/Abstract.php(576): Varien_Db_Adapter_Pdo_Mysql->query('INSERT INTO `lo...', Array)
#6 /Users/SutrisnoYao/Documents/ruparuparepo/kl-beta/app/code/core/Mage/Log/Model/Resource/Visitor.php(290): Zend_Db_Adapter_Abstract->insert('log_quote', Array)
#7 /Users/SutrisnoYao/Documents/ruparuparepo/kl-beta/app/code/core/Mage/Log/Model/Resource/Visitor.php(141): Mage_Log_Model_Resource_Visitor->_saveQuoteInfo(Object(Mage_Log_Model_Visitor))
#8 /Users/SutrisnoYao/Documents/ruparuparepo/kl-beta/app/code/core/Mage/Core/Model/Resource/Db/Abstract.php(463): Mage_Log_Model_Resource_Visitor->_afterSave(Object(Mage_Log_Model_Visitor))
#9 /Users/SutrisnoYao/Documents/ruparuparepo/kl-beta/app/code/core/Mage/Core/Model/Abstract.php(318): Mage_Core_Model_Resource_Db_Abstract->save(Object(Mage_Log_Model_Visitor))
#10 /Users/SutrisnoYao/Documents/ruparuparepo/kl-beta/app/code/core/Mage/Log/Model/Visitor.php(237): Mage_Core_Model_Abstract->save()
#11 /Users/SutrisnoYao/Documents/ruparuparepo/kl-beta/app/code/core/Mage/Core/Model/App.php(1358): Mage_Log_Model_Visitor->saveByRequest(Object(Varien_Event_Observer))
#12 /Users/SutrisnoYao/Documents/ruparuparepo/kl-beta/app/code/core/Mage/Core/Model/App.php(1337): Mage_Core_Model_App->_callObserverMethod(Object(Mage_Log_Model_Visitor), 'saveByRequest', Object(Varien_Event_Observer))
#13 /Users/SutrisnoYao/Documents/ruparuparepo/kl-beta/app/Mage.php(448): Mage_Core_Model_App->dispatchEvent('controller_acti...', Array)
#14 /Users/SutrisnoYao/Documents/ruparuparepo/kl-beta/app/code/core/Mage/Core/Controller/Varien/Action.php(551): Mage::dispatchEvent('controller_acti...', Array)
#15 /Users/SutrisnoYao/Documents/ruparuparepo/kl-beta/app/code/core/Mage/Core/Controller/Front/Action.php(80): Mage_Core_Controller_Varien_Action->postDispatch()
#16 /Users/SutrisnoYao/Documents/ruparuparepo/kl-beta/app/code/core/Mage/Core/Controller/Varien/Action.php(422): Mage_Core_Controller_Front_Action->postDispatch()
#17 /Users/SutrisnoYao/Documents/ruparuparepo/kl-beta/app/code/core/Mage/Core/Controller/Varien/Router/Standard.php(254): Mage_Core_Controller_Varien_Action->dispatch('add')
#18 /Users/SutrisnoYao/Documents/ruparuparepo/kl-beta/app/code/core/Mage/Core/Controller/Varien/Front.php(172): Mage_Core_Controller_Varien_Router_Standard->match(Object(Mage_Core_Controller_Request_Http))
#19 /Users/SutrisnoYao/Documents/ruparuparepo/kl-beta/app/code/core/Mage/Core/Model/App.php(365): Mage_Core_Controller_Varien_Front->dispatch()
#20 /Users/SutrisnoYao/Documents/ruparuparepo/kl-beta/app/Mage.php(684): Mage_Core_Model_App->run(Array)
#21 /Users/SutrisnoYao/Documents/ruparuparepo/kl-beta/index.php(85): Mage::run('', 'store')
#22 {main}
