2016-03-22T03:23:01+00:00 DEBUG (7): 
-----------------------------------------------------------------------------
------------Start assignation process for order #ODI100000778 ------------------
-----------------------------------------------------------------------------

Shipping method : premiumrate_premiumrate_free ongkir

Shipped to : ID,ID-JK,11470


- - - - - - - - - - - - - - - - - - - - - - - - - - - - - - - - - - - - - - -
* Checking availability for : 10009650[ID:1417], Ordered Qty : 1

-----------------------------------------------------------------------------
ASSIGNED TO : 
-----------------------------------------------------------------------------
STOCK ASSIGNATION TO : []
-----------------------------------------------------------------------------


2016-03-22T03:28:26+00:00 DEBUG (7): 
-----------------------------------------------------------------------------
------------Start assignation process for order #ODI100000779 ------------------
-----------------------------------------------------------------------------

Shipping method : premiumrate_premiumrate_free ongkir

Shipped to : ID,ID-JK,11470


- - - - - - - - - - - - - - - - - - - - - - - - - - - - - - - - - - - - - - -
* Checking availability for : 10035654[ID:1510], Ordered Qty : 1

-----------------------------------------------------------------------------
ASSIGNED TO : 
-----------------------------------------------------------------------------
STOCK ASSIGNATION TO : []
-----------------------------------------------------------------------------


2016-03-23T06:43:52+00:00 DEBUG (7): 
-----------------------------------------------------------------------------
------------Start assignation process for order #ODI100000780 ------------------
-----------------------------------------------------------------------------

Shipping method : premiumrate_premiumrate_free ongkir

Shipped to : ID,ID-JK,11470


- - - - - - - - - - - - - - - - - - - - - - - - - - - - - - - - - - - - - - -
* Checking availability for : 172857[ID:759], Ordered Qty : 1

-----------------------------------------------------------------------------
ASSIGNED TO : 
-----------------------------------------------------------------------------
STOCK ASSIGNATION TO : []
-----------------------------------------------------------------------------


2016-04-01T06:18:00+00:00 DEBUG (7): 
-----------------------------------------------------------------------------
------------Start assignation process for order #ODI100000781 ------------------
-----------------------------------------------------------------------------

Shipping method : premiumrate_Standard

Shipped to : ID,ID-JK,11470


- - - - - - - - - - - - - - - - - - - - - - - - - - - - - - - - - - - - - - -
* Checking availability for : 036643-1[ID:4356], Ordered Qty : 1

- - - - - - - - - - - - - - - - - - - - - - - - - - - - - - - - - - - - - - -
* Checking availability for : 053083-1[ID:4406], Ordered Qty : 1

- - - - - - - - - - - - - - - - - - - - - - - - - - - - - - - - - - - - - - -
* Checking availability for : 172857[ID:759], Ordered Qty : 1

-----------------------------------------------------------------------------
ASSIGNED TO : 
-----------------------------------------------------------------------------
STOCK ASSIGNATION TO : []
-----------------------------------------------------------------------------


2016-04-01T06:23:33+00:00 DEBUG (7): 
-----------------------------------------------------------------------------
------------Start assignation process for order #ODI100000782 ------------------
-----------------------------------------------------------------------------

Shipping method : premiumrate_Standard

Shipped to : ID,ID-JK,11470


- - - - - - - - - - - - - - - - - - - - - - - - - - - - - - - - - - - - - - -
* Checking availability for : 043404-1[ID:4422], Ordered Qty : 1

-----------------------------------------------------------------------------
ASSIGNED TO : 
-----------------------------------------------------------------------------
STOCK ASSIGNATION TO : []
-----------------------------------------------------------------------------


2016-04-01T08:28:32+00:00 DEBUG (7): 
-----------------------------------------------------------------------------
------------Start assignation process for order #ODI100000783 ------------------
-----------------------------------------------------------------------------

Shipping method : premiumrate_Standard

Shipped to : ID,ID-JK,11470


- - - - - - - - - - - - - - - - - - - - - - - - - - - - - - - - - - - - - - -
* Checking availability for : 240818[ID:4011], Ordered Qty : 1

- - - - - - - - - - - - - - - - - - - - - - - - - - - - - - - - - - - - - - -
* Checking availability for : 036643-1[ID:4356], Ordered Qty : 1

-----------------------------------------------------------------------------
ASSIGNED TO : 
-----------------------------------------------------------------------------
STOCK ASSIGNATION TO : []
-----------------------------------------------------------------------------


2016-04-01T08:47:25+00:00 DEBUG (7): 
-----------------------------------------------------------------------------
------------Start assignation process for order #ODI100000784 ------------------
-----------------------------------------------------------------------------

Shipping method : premiumrate_Standard

Shipped to : ID,ID-JK,11470


- - - - - - - - - - - - - - - - - - - - - - - - - - - - - - - - - - - - - - -
* Checking availability for : X141625[ID:3349], Ordered Qty : 2

-----------------------------------------------------------------------------
ASSIGNED TO : 
-----------------------------------------------------------------------------
STOCK ASSIGNATION TO : []
-----------------------------------------------------------------------------


2016-04-01T09:00:37+00:00 DEBUG (7): 
-----------------------------------------------------------------------------
------------Start assignation process for order #ODI100000785 ------------------
-----------------------------------------------------------------------------

Shipping method : premiumrate_Standard

Shipped to : ID,ID-JK,11470


- - - - - - - - - - - - - - - - - - - - - - - - - - - - - - - - - - - - - - -
* Checking availability for : X085548[ID:2473], Ordered Qty : 1

-----------------------------------------------------------------------------
ASSIGNED TO : 
-----------------------------------------------------------------------------
STOCK ASSIGNATION TO : []
-----------------------------------------------------------------------------


2016-04-01T09:09:36+00:00 DEBUG (7): 
-----------------------------------------------------------------------------
------------Start assignation process for order #ODI100000786 ------------------
-----------------------------------------------------------------------------

Shipping method : premiumrate_Standard

Shipped to : ID,ID-JK,11470


- - - - - - - - - - - - - - - - - - - - - - - - - - - - - - - - - - - - - - -
* Checking availability for : 10032471[ID:2618], Ordered Qty : 1

- - - - - - - - - - - - - - - - - - - - - - - - - - - - - - - - - - - - - - -
* Checking availability for : 240818[ID:4011], Ordered Qty : 1

-----------------------------------------------------------------------------
ASSIGNED TO : 
-----------------------------------------------------------------------------
STOCK ASSIGNATION TO : []
-----------------------------------------------------------------------------


2016-04-01T09:14:46+00:00 DEBUG (7): 
-----------------------------------------------------------------------------
------------Start assignation process for order #ODI100000787 ------------------
-----------------------------------------------------------------------------

Shipping method : premiumrate_Standard

Shipped to : ID,ID-JK,11470


- - - - - - - - - - - - - - - - - - - - - - - - - - - - - - - - - - - - - - -
* Checking availability for : X077470[ID:3335], Ordered Qty : 1

-----------------------------------------------------------------------------
ASSIGNED TO : 
-----------------------------------------------------------------------------
STOCK ASSIGNATION TO : []
-----------------------------------------------------------------------------


2016-04-01T09:25:13+00:00 DEBUG (7): 
-----------------------------------------------------------------------------
------------Start assignation process for order #ODI100000788 ------------------
-----------------------------------------------------------------------------

Shipping method : premiumrate_Standard

Shipped to : ID,ID-JK,11470


- - - - - - - - - - - - - - - - - - - - - - - - - - - - - - - - - - - - - - -
* Checking availability for : 240818[ID:4011], Ordered Qty : 1

-----------------------------------------------------------------------------
ASSIGNED TO : 
-----------------------------------------------------------------------------
STOCK ASSIGNATION TO : []
-----------------------------------------------------------------------------


2016-04-01T09:28:40+00:00 DEBUG (7): 
-----------------------------------------------------------------------------
------------Start assignation process for order #ODI100000789 ------------------
-----------------------------------------------------------------------------

Shipping method : premiumrate_Standard

Shipped to : ID,ID-JK,11470


- - - - - - - - - - - - - - - - - - - - - - - - - - - - - - - - - - - - - - -
* Checking availability for : 240818[ID:4011], Ordered Qty : 1

-----------------------------------------------------------------------------
ASSIGNED TO : 
-----------------------------------------------------------------------------
STOCK ASSIGNATION TO : []
-----------------------------------------------------------------------------


2016-04-01T09:40:00+00:00 DEBUG (7): 
-----------------------------------------------------------------------------
------------Start assignation process for order #ODI100000790 ------------------
-----------------------------------------------------------------------------

Shipping method : premiumrate_Standard

Shipped to : ID,ID-JK,11470


- - - - - - - - - - - - - - - - - - - - - - - - - - - - - - - - - - - - - - -
* Checking availability for : 240818[ID:4011], Ordered Qty : 1

-----------------------------------------------------------------------------
ASSIGNED TO : 
-----------------------------------------------------------------------------
STOCK ASSIGNATION TO : []
-----------------------------------------------------------------------------


2016-04-22T06:28:57+00:00 DEBUG (7): 
-----------------------------------------------------------------------------
------------Start assignation process for order #ODI100000791 ------------------
-----------------------------------------------------------------------------

Shipping method : premiumrate_Standard

Shipped to : ID,ID-JK,76876876


- - - - - - - - - - - - - - - - - - - - - - - - - - - - - - - - - - - - - - -
* Checking availability for : 240818[ID:4011], Ordered Qty : 1

-----------------------------------------------------------------------------
ASSIGNED TO : 
-----------------------------------------------------------------------------
STOCK ASSIGNATION TO : []
-----------------------------------------------------------------------------


