2016-03-23T06:28:08+00:00 DEBUG (7): Array
(
    [url] => https://ruparupa.zendesk.com/api/v2/users/me.json
    [method] => GET
    [data] => null
)

2016-03-23T06:28:58+00:00 DEBUG (7): Array
(
    [url] => https://ruparupa.zendesk.com/api/v2/users/me.json
    [method] => GET
    [data] => null
)

2016-03-23T06:29:00+00:00 DEBUG (7): array (
  'user' => 
  array (
    'id' => 2899305808,
    'url' => 'https://ruparupa.zendesk.com/api/v2/users/2899305808.json',
    'name' => 'Customer Service',
    'email' => 'ruparupaodi@gmail.com',
    'created_at' => '2015-11-17T08:47:54Z',
    'updated_at' => '2016-03-23T06:21:11Z',
    'time_zone' => 'Bangkok',
    'phone' => NULL,
    'photo' => NULL,
    'locale_id' => 1,
    'locale' => 'en-US',
    'organization_id' => 1405880888,
    'role' => 'admin',
    'verified' => true,
    'external_id' => NULL,
    'tags' => 
    array (
    ),
    'alias' => '',
    'active' => true,
    'shared' => false,
    'shared_agent' => false,
    'last_login_at' => '2016-03-23T06:21:11Z',
    'two_factor_auth_enabled' => NULL,
    'signature' => '',
    'details' => '',
    'notes' => '',
    'custom_role_id' => NULL,
    'moderator' => true,
    'ticket_restriction' => NULL,
    'only_private_comments' => false,
    'restricted_agent' => false,
    'suspended' => false,
    'chat_only' => false,
    'user_fields' => 
    array (
      'nomor_induk_karyawan_' => NULL,
    ),
    'authenticity_token' => '85iaapZdduAORS2N/O4y89ATQ8dc1HhiXXcnR6lzlyM=',
  ),
)
2016-03-23T06:29:00+00:00 DEBUG (7): Array
(
    [url] => https://ruparupa.zendesk.com/api/v2/users/me.json
    [method] => GET
    [data] => null
)

2016-03-23T06:29:01+00:00 DEBUG (7): array (
  'user' => 
  array (
    'id' => 2899305808,
    'url' => 'https://ruparupa.zendesk.com/api/v2/users/2899305808.json',
    'name' => 'Customer Service',
    'email' => 'ruparupaodi@gmail.com',
    'created_at' => '2015-11-17T08:47:54Z',
    'updated_at' => '2016-03-23T06:21:11Z',
    'time_zone' => 'Bangkok',
    'phone' => NULL,
    'photo' => NULL,
    'locale_id' => 1,
    'locale' => 'en-US',
    'organization_id' => 1405880888,
    'role' => 'admin',
    'verified' => true,
    'external_id' => NULL,
    'tags' => 
    array (
    ),
    'alias' => '',
    'active' => true,
    'shared' => false,
    'shared_agent' => false,
    'last_login_at' => '2016-03-23T06:21:11Z',
    'two_factor_auth_enabled' => NULL,
    'signature' => '',
    'details' => '',
    'notes' => '',
    'custom_role_id' => NULL,
    'moderator' => true,
    'ticket_restriction' => NULL,
    'only_private_comments' => false,
    'restricted_agent' => false,
    'suspended' => false,
    'chat_only' => false,
    'user_fields' => 
    array (
      'nomor_induk_karyawan_' => NULL,
    ),
    'authenticity_token' => 'TRnu+lvGh2sFllTblRPukqXpJyRqURWPeoP0cDzcHak=',
  ),
)
2016-03-23T06:33:59+00:00 DEBUG (7): Array
(
    [url] => https://ruparupa.zendesk.com/api/v2/users/me.json
    [method] => GET
    [data] => null
)

2016-03-23T06:34:00+00:00 DEBUG (7): array (
  'user' => 
  array (
    'id' => 2899305808,
    'url' => 'https://ruparupa.zendesk.com/api/v2/users/2899305808.json',
    'name' => 'Customer Service',
    'email' => 'ruparupaodi@gmail.com',
    'created_at' => '2015-11-17T08:47:54Z',
    'updated_at' => '2016-03-23T06:21:11Z',
    'time_zone' => 'Bangkok',
    'phone' => NULL,
    'photo' => NULL,
    'locale_id' => 1,
    'locale' => 'en-US',
    'organization_id' => 1405880888,
    'role' => 'admin',
    'verified' => true,
    'external_id' => NULL,
    'tags' => 
    array (
    ),
    'alias' => '',
    'active' => true,
    'shared' => false,
    'shared_agent' => false,
    'last_login_at' => '2016-03-23T06:21:11Z',
    'two_factor_auth_enabled' => NULL,
    'signature' => '',
    'details' => '',
    'notes' => '',
    'custom_role_id' => NULL,
    'moderator' => true,
    'ticket_restriction' => NULL,
    'only_private_comments' => false,
    'restricted_agent' => false,
    'suspended' => false,
    'chat_only' => false,
    'user_fields' => 
    array (
      'nomor_induk_karyawan_' => NULL,
    ),
    'authenticity_token' => '9niRgVEzm6BdCNNLglq+5Ltz/krXFBJj7T0MUcwIet4=',
  ),
)
2016-03-23T06:34:00+00:00 DEBUG (7): Array
(
    [url] => https://ruparupa.zendesk.com/api/v2/users/me.json
    [method] => GET
    [data] => null
)

2016-03-23T06:34:02+00:00 DEBUG (7): array (
  'user' => 
  array (
    'id' => 2899305808,
    'url' => 'https://ruparupa.zendesk.com/api/v2/users/2899305808.json',
    'name' => 'Customer Service',
    'email' => 'ruparupaodi@gmail.com',
    'created_at' => '2015-11-17T08:47:54Z',
    'updated_at' => '2016-03-23T06:21:11Z',
    'time_zone' => 'Bangkok',
    'phone' => NULL,
    'photo' => NULL,
    'locale_id' => 1,
    'locale' => 'en-US',
    'organization_id' => 1405880888,
    'role' => 'admin',
    'verified' => true,
    'external_id' => NULL,
    'tags' => 
    array (
    ),
    'alias' => '',
    'active' => true,
    'shared' => false,
    'shared_agent' => false,
    'last_login_at' => '2016-03-23T06:21:11Z',
    'two_factor_auth_enabled' => NULL,
    'signature' => '',
    'details' => '',
    'notes' => '',
    'custom_role_id' => NULL,
    'moderator' => true,
    'ticket_restriction' => NULL,
    'only_private_comments' => false,
    'restricted_agent' => false,
    'suspended' => false,
    'chat_only' => false,
    'user_fields' => 
    array (
      'nomor_induk_karyawan_' => NULL,
    ),
    'authenticity_token' => 'sOeCA5EsCfjuy4YoDrEpOQa3EYo06t+dz8UfTITLljk=',
  ),
)
2016-03-23T08:53:52+00:00 DEBUG (7): Array
(
    [url] => https://ruparupa.zendesk.com/api/v2/users/me.json
    [method] => GET
    [data] => null
)

2016-03-23T08:53:54+00:00 DEBUG (7): array (
  'user' => 
  array (
    'id' => 2899305808,
    'url' => 'https://ruparupa.zendesk.com/api/v2/users/2899305808.json',
    'name' => 'Customer Service',
    'email' => 'ruparupaodi@gmail.com',
    'created_at' => '2015-11-17T08:47:54Z',
    'updated_at' => '2016-03-23T08:24:04Z',
    'time_zone' => 'Bangkok',
    'phone' => NULL,
    'photo' => NULL,
    'locale_id' => 1,
    'locale' => 'en-US',
    'organization_id' => 1405880888,
    'role' => 'admin',
    'verified' => true,
    'external_id' => NULL,
    'tags' => 
    array (
    ),
    'alias' => '',
    'active' => true,
    'shared' => false,
    'shared_agent' => false,
    'last_login_at' => '2016-03-23T08:24:04Z',
    'two_factor_auth_enabled' => NULL,
    'signature' => '',
    'details' => '',
    'notes' => '',
    'custom_role_id' => NULL,
    'moderator' => true,
    'ticket_restriction' => NULL,
    'only_private_comments' => false,
    'restricted_agent' => false,
    'suspended' => false,
    'chat_only' => false,
    'user_fields' => 
    array (
      'nomor_induk_karyawan_' => NULL,
    ),
    'authenticity_token' => 'b/iUjbTc/z0zrmIdR0rPbYGty3lwHD3Nlta46XkF4gY=',
  ),
)
2016-03-23T08:53:54+00:00 DEBUG (7): Array
(
    [url] => https://ruparupa.zendesk.com/api/v2/users/me.json
    [method] => GET
    [data] => null
)

2016-03-23T08:53:55+00:00 DEBUG (7): array (
  'user' => 
  array (
    'id' => 2899305808,
    'url' => 'https://ruparupa.zendesk.com/api/v2/users/2899305808.json',
    'name' => 'Customer Service',
    'email' => 'ruparupaodi@gmail.com',
    'created_at' => '2015-11-17T08:47:54Z',
    'updated_at' => '2016-03-23T08:53:54Z',
    'time_zone' => 'Bangkok',
    'phone' => NULL,
    'photo' => NULL,
    'locale_id' => 1,
    'locale' => 'en-US',
    'organization_id' => 1405880888,
    'role' => 'admin',
    'verified' => true,
    'external_id' => NULL,
    'tags' => 
    array (
    ),
    'alias' => '',
    'active' => true,
    'shared' => false,
    'shared_agent' => false,
    'last_login_at' => '2016-03-23T08:53:54Z',
    'two_factor_auth_enabled' => NULL,
    'signature' => '',
    'details' => '',
    'notes' => '',
    'custom_role_id' => NULL,
    'moderator' => true,
    'ticket_restriction' => NULL,
    'only_private_comments' => false,
    'restricted_agent' => false,
    'suspended' => false,
    'chat_only' => false,
    'user_fields' => 
    array (
      'nomor_induk_karyawan_' => NULL,
    ),
    'authenticity_token' => 'UnhS1DlHZzH+7HvwB1muorZL2oWdDEXXq1BPNMI1vFc=',
  ),
)
2016-03-24T07:25:31+00:00 DEBUG (7): Array
(
    [url] => https://ruparupa.zendesk.com/api/v2/users/me.json
    [method] => GET
    [data] => null
)

2016-03-24T07:25:33+00:00 DEBUG (7): array (
  'user' => 
  array (
    'id' => 2899305808,
    'url' => 'https://ruparupa.zendesk.com/api/v2/users/2899305808.json',
    'name' => 'Customer Service',
    'email' => 'ruparupaodi@gmail.com',
    'created_at' => '2015-11-17T08:47:54Z',
    'updated_at' => '2016-03-24T07:08:32Z',
    'time_zone' => 'Bangkok',
    'phone' => NULL,
    'photo' => NULL,
    'locale_id' => 1,
    'locale' => 'en-US',
    'organization_id' => 1405880888,
    'role' => 'admin',
    'verified' => true,
    'external_id' => NULL,
    'tags' => 
    array (
    ),
    'alias' => '',
    'active' => true,
    'shared' => false,
    'shared_agent' => false,
    'last_login_at' => '2016-03-24T07:08:32Z',
    'two_factor_auth_enabled' => NULL,
    'signature' => '',
    'details' => '',
    'notes' => '',
    'custom_role_id' => NULL,
    'moderator' => true,
    'ticket_restriction' => NULL,
    'only_private_comments' => false,
    'restricted_agent' => false,
    'suspended' => false,
    'chat_only' => false,
    'user_fields' => 
    array (
      'nomor_induk_karyawan_' => NULL,
    ),
    'authenticity_token' => '1PAOUzR+L2YaY39wUrJmmZ9su83QcU5sLZUmFVmaxhQ=',
  ),
)
2016-03-24T07:25:33+00:00 DEBUG (7): Array
(
    [url] => https://ruparupa.zendesk.com/api/v2/users/me.json
    [method] => GET
    [data] => null
)

2016-03-24T07:25:34+00:00 DEBUG (7): array (
  'user' => 
  array (
    'id' => 2899305808,
    'url' => 'https://ruparupa.zendesk.com/api/v2/users/2899305808.json',
    'name' => 'Customer Service',
    'email' => 'ruparupaodi@gmail.com',
    'created_at' => '2015-11-17T08:47:54Z',
    'updated_at' => '2016-03-24T07:08:32Z',
    'time_zone' => 'Bangkok',
    'phone' => NULL,
    'photo' => NULL,
    'locale_id' => 1,
    'locale' => 'en-US',
    'organization_id' => 1405880888,
    'role' => 'admin',
    'verified' => true,
    'external_id' => NULL,
    'tags' => 
    array (
    ),
    'alias' => '',
    'active' => true,
    'shared' => false,
    'shared_agent' => false,
    'last_login_at' => '2016-03-24T07:08:32Z',
    'two_factor_auth_enabled' => NULL,
    'signature' => '',
    'details' => '',
    'notes' => '',
    'custom_role_id' => NULL,
    'moderator' => true,
    'ticket_restriction' => NULL,
    'only_private_comments' => false,
    'restricted_agent' => false,
    'suspended' => false,
    'chat_only' => false,
    'user_fields' => 
    array (
      'nomor_induk_karyawan_' => NULL,
    ),
    'authenticity_token' => 'A8obrjHtZiunWqvJ5vSFs3zT5NLVfl1VplYe1YM0bqQ=',
  ),
)
2016-03-24T18:16:39+00:00 DEBUG (7): Array
(
    [url] => https://ruparupa.zendesk.com/api/v2/users/me.json
    [method] => GET
    [data] => null
)

2016-03-24T18:16:41+00:00 DEBUG (7): array (
  'user' => 
  array (
    'id' => 2899305808,
    'url' => 'https://ruparupa.zendesk.com/api/v2/users/2899305808.json',
    'name' => 'Customer Service',
    'email' => 'ruparupaodi@gmail.com',
    'created_at' => '2015-11-17T08:47:54Z',
    'updated_at' => '2016-03-24T17:59:59Z',
    'time_zone' => 'Bangkok',
    'phone' => NULL,
    'photo' => NULL,
    'locale_id' => 1,
    'locale' => 'en-US',
    'organization_id' => 1405880888,
    'role' => 'admin',
    'verified' => true,
    'external_id' => NULL,
    'tags' => 
    array (
    ),
    'alias' => '',
    'active' => true,
    'shared' => false,
    'shared_agent' => false,
    'last_login_at' => '2016-03-24T17:59:59Z',
    'two_factor_auth_enabled' => NULL,
    'signature' => '',
    'details' => '',
    'notes' => '',
    'custom_role_id' => NULL,
    'moderator' => true,
    'ticket_restriction' => NULL,
    'only_private_comments' => false,
    'restricted_agent' => false,
    'suspended' => false,
    'chat_only' => false,
    'user_fields' => 
    array (
      'nomor_induk_karyawan_' => NULL,
    ),
    'authenticity_token' => 'qxGeStxujwXoqYLyta3sFaHQuufFJlhJ1JN4lboZ6FY=',
  ),
)
2016-03-24T18:16:41+00:00 DEBUG (7): Array
(
    [url] => https://ruparupa.zendesk.com/api/v2/users/me.json
    [method] => GET
    [data] => null
)

2016-03-24T18:16:43+00:00 DEBUG (7): array (
  'user' => 
  array (
    'id' => 2899305808,
    'url' => 'https://ruparupa.zendesk.com/api/v2/users/2899305808.json',
    'name' => 'Customer Service',
    'email' => 'ruparupaodi@gmail.com',
    'created_at' => '2015-11-17T08:47:54Z',
    'updated_at' => '2016-03-24T17:59:59Z',
    'time_zone' => 'Bangkok',
    'phone' => NULL,
    'photo' => NULL,
    'locale_id' => 1,
    'locale' => 'en-US',
    'organization_id' => 1405880888,
    'role' => 'admin',
    'verified' => true,
    'external_id' => NULL,
    'tags' => 
    array (
    ),
    'alias' => '',
    'active' => true,
    'shared' => false,
    'shared_agent' => false,
    'last_login_at' => '2016-03-24T17:59:59Z',
    'two_factor_auth_enabled' => NULL,
    'signature' => '',
    'details' => '',
    'notes' => '',
    'custom_role_id' => NULL,
    'moderator' => true,
    'ticket_restriction' => NULL,
    'only_private_comments' => false,
    'restricted_agent' => false,
    'suspended' => false,
    'chat_only' => false,
    'user_fields' => 
    array (
      'nomor_induk_karyawan_' => NULL,
    ),
    'authenticity_token' => 'zAmK/OMyUE0HshcexbUWjNUD2e3SPWcKJntbX1FcclU=',
  ),
)
2016-03-27T06:57:28+00:00 DEBUG (7): Array
(
    [url] => https://ruparupa.zendesk.com/api/v2/users/me.json
    [method] => GET
    [data] => null
)

2016-03-27T06:57:30+00:00 DEBUG (7): array (
  'user' => 
  array (
    'id' => 2899305808,
    'url' => 'https://ruparupa.zendesk.com/api/v2/users/2899305808.json',
    'name' => 'Customer Service',
    'email' => 'ruparupaodi@gmail.com',
    'created_at' => '2015-11-17T08:47:54Z',
    'updated_at' => '2016-03-27T03:12:28Z',
    'time_zone' => 'Bangkok',
    'phone' => NULL,
    'photo' => NULL,
    'locale_id' => 1,
    'locale' => 'en-US',
    'organization_id' => 1405880888,
    'role' => 'admin',
    'verified' => true,
    'external_id' => NULL,
    'tags' => 
    array (
    ),
    'alias' => '',
    'active' => true,
    'shared' => false,
    'shared_agent' => false,
    'last_login_at' => '2016-03-27T03:12:28Z',
    'two_factor_auth_enabled' => NULL,
    'signature' => '',
    'details' => '',
    'notes' => '',
    'custom_role_id' => NULL,
    'moderator' => true,
    'ticket_restriction' => NULL,
    'only_private_comments' => false,
    'restricted_agent' => false,
    'suspended' => false,
    'chat_only' => false,
    'user_fields' => 
    array (
      'nomor_induk_karyawan_' => NULL,
    ),
    'authenticity_token' => 'b6TlwwwzsswCDVPLZYeBI0BNIBSs+75h4q8+IrRCUVQ=',
  ),
)
2016-03-27T06:57:30+00:00 DEBUG (7): Array
(
    [url] => https://ruparupa.zendesk.com/api/v2/users/me.json
    [method] => GET
    [data] => null
)

2016-03-27T06:57:32+00:00 DEBUG (7): array (
  'user' => 
  array (
    'id' => 2899305808,
    'url' => 'https://ruparupa.zendesk.com/api/v2/users/2899305808.json',
    'name' => 'Customer Service',
    'email' => 'ruparupaodi@gmail.com',
    'created_at' => '2015-11-17T08:47:54Z',
    'updated_at' => '2016-03-27T06:57:30Z',
    'time_zone' => 'Bangkok',
    'phone' => NULL,
    'photo' => NULL,
    'locale_id' => 1,
    'locale' => 'en-US',
    'organization_id' => 1405880888,
    'role' => 'admin',
    'verified' => true,
    'external_id' => NULL,
    'tags' => 
    array (
    ),
    'alias' => '',
    'active' => true,
    'shared' => false,
    'shared_agent' => false,
    'last_login_at' => '2016-03-27T06:57:30Z',
    'two_factor_auth_enabled' => NULL,
    'signature' => '',
    'details' => '',
    'notes' => '',
    'custom_role_id' => NULL,
    'moderator' => true,
    'ticket_restriction' => NULL,
    'only_private_comments' => false,
    'restricted_agent' => false,
    'suspended' => false,
    'chat_only' => false,
    'user_fields' => 
    array (
      'nomor_induk_karyawan_' => NULL,
    ),
    'authenticity_token' => 'LH2xmrhyKrVr0kxQzg/4Iirkkjgqmk0jAMvQKXcZrKI=',
  ),
)
2016-03-30T10:14:33+00:00 DEBUG (7): Array
(
    [url] => https://ruparupa.zendesk.com/api/v2/users/me.json
    [method] => GET
    [data] => null
)

2016-03-30T10:16:18+00:00 DEBUG (7): Array
(
    [url] => https://ruparupa.zendesk.com/api/v2/users/me.json
    [method] => GET
    [data] => null
)

2016-03-30T10:16:21+00:00 DEBUG (7): array (
  'user' => 
  array (
    'id' => 2899305808,
    'url' => 'https://ruparupa.zendesk.com/api/v2/users/2899305808.json',
    'name' => 'Customer Service',
    'email' => 'ruparupaodi@gmail.com',
    'created_at' => '2015-11-17T08:47:54Z',
    'updated_at' => '2016-03-30T10:05:11Z',
    'time_zone' => 'Bangkok',
    'phone' => NULL,
    'photo' => NULL,
    'locale_id' => 1,
    'locale' => 'en-US',
    'organization_id' => 1405880888,
    'role' => 'admin',
    'verified' => true,
    'external_id' => NULL,
    'tags' => 
    array (
    ),
    'alias' => '',
    'active' => true,
    'shared' => false,
    'shared_agent' => false,
    'last_login_at' => '2016-03-30T10:05:11Z',
    'two_factor_auth_enabled' => NULL,
    'signature' => '',
    'details' => '',
    'notes' => '',
    'custom_role_id' => NULL,
    'moderator' => true,
    'ticket_restriction' => NULL,
    'only_private_comments' => false,
    'restricted_agent' => false,
    'suspended' => false,
    'chat_only' => false,
    'user_fields' => 
    array (
      'nomor_induk_karyawan_' => NULL,
    ),
    'authenticity_token' => 'DWMz+Y0aERFidJlMZ43t6abDMafKoRD8DHlU3x3lAPI=',
  ),
)
2016-03-30T10:16:21+00:00 DEBUG (7): Array
(
    [url] => https://ruparupa.zendesk.com/api/v2/users/me.json
    [method] => GET
    [data] => null
)

2016-03-30T10:16:22+00:00 DEBUG (7): array (
  'user' => 
  array (
    'id' => 2899305808,
    'url' => 'https://ruparupa.zendesk.com/api/v2/users/2899305808.json',
    'name' => 'Customer Service',
    'email' => 'ruparupaodi@gmail.com',
    'created_at' => '2015-11-17T08:47:54Z',
    'updated_at' => '2016-03-30T10:05:11Z',
    'time_zone' => 'Bangkok',
    'phone' => NULL,
    'photo' => NULL,
    'locale_id' => 1,
    'locale' => 'en-US',
    'organization_id' => 1405880888,
    'role' => 'admin',
    'verified' => true,
    'external_id' => NULL,
    'tags' => 
    array (
    ),
    'alias' => '',
    'active' => true,
    'shared' => false,
    'shared_agent' => false,
    'last_login_at' => '2016-03-30T10:05:11Z',
    'two_factor_auth_enabled' => NULL,
    'signature' => '',
    'details' => '',
    'notes' => '',
    'custom_role_id' => NULL,
    'moderator' => true,
    'ticket_restriction' => NULL,
    'only_private_comments' => false,
    'restricted_agent' => false,
    'suspended' => false,
    'chat_only' => false,
    'user_fields' => 
    array (
      'nomor_induk_karyawan_' => NULL,
    ),
    'authenticity_token' => 'ZjLnHK+L7TE0QRa9RrYl9nMUlbDKlPFDSBwFNbfo4/s=',
  ),
)
2016-04-01T02:54:31+00:00 DEBUG (7): Array
(
    [url] => https://ruparupa.zendesk.com/api/v2/users/me.json
    [method] => GET
    [data] => null
)

2016-04-01T03:04:03+00:00 DEBUG (7): Array
(
    [url] => https://ruparupa.zendesk.com/api/v2/users/me.json
    [method] => GET
    [data] => null
)

2016-04-01T03:04:04+00:00 DEBUG (7): array (
  'user' => 
  array (
    'id' => NULL,
    'url' => NULL,
    'name' => 'Pengguna anonim',
    'email' => 'invalid@example.com',
    'created_at' => NULL,
    'updated_at' => NULL,
    'time_zone' => 'Jakarta',
    'phone' => NULL,
    'photo' => NULL,
    'locale_id' => 77,
    'locale' => 'id',
    'organization_id' => NULL,
    'role' => 'end-user',
    'verified' => false,
  ),
)
2016-04-01T03:04:04+00:00 DEBUG (7): Array
(
    [url] => https://ruparupa.zendesk.com/api/v2/users/me.json
    [method] => GET
    [data] => null
)

2016-04-01T03:04:06+00:00 DEBUG (7): array (
  'user' => 
  array (
    'id' => NULL,
    'url' => NULL,
    'name' => 'Pengguna anonim',
    'email' => 'invalid@example.com',
    'created_at' => NULL,
    'updated_at' => NULL,
    'time_zone' => 'Jakarta',
    'phone' => NULL,
    'photo' => NULL,
    'locale_id' => 77,
    'locale' => 'id',
    'organization_id' => NULL,
    'role' => 'end-user',
    'verified' => false,
  ),
)
2016-04-02T07:07:23+00:00 DEBUG (7): Array
(
    [url] => https://ruparupa.zendesk.com/api/v2/users/me.json
    [method] => GET
    [data] => null
)

2016-04-02T07:07:25+00:00 DEBUG (7): array (
  'user' => 
  array (
    'id' => NULL,
    'url' => NULL,
    'name' => 'Pengguna anonim',
    'email' => 'invalid@example.com',
    'created_at' => NULL,
    'updated_at' => NULL,
    'time_zone' => 'Jakarta',
    'phone' => NULL,
    'photo' => NULL,
    'locale_id' => 77,
    'locale' => 'id',
    'organization_id' => NULL,
    'role' => 'end-user',
    'verified' => false,
  ),
)
2016-04-02T07:07:25+00:00 DEBUG (7): Array
(
    [url] => https://ruparupa.zendesk.com/api/v2/users/me.json
    [method] => GET
    [data] => null
)

2016-04-02T07:07:27+00:00 DEBUG (7): array (
  'user' => 
  array (
    'id' => NULL,
    'url' => NULL,
    'name' => 'Pengguna anonim',
    'email' => 'invalid@example.com',
    'created_at' => NULL,
    'updated_at' => NULL,
    'time_zone' => 'Jakarta',
    'phone' => NULL,
    'photo' => NULL,
    'locale_id' => 77,
    'locale' => 'id',
    'organization_id' => NULL,
    'role' => 'end-user',
    'verified' => false,
  ),
)
2016-04-02T07:07:47+00:00 DEBUG (7): Array
(
    [url] => https://ruparupa.zendesk.com/api/v2/users/me.json
    [method] => GET
    [data] => null
)

2016-04-07T13:45:15+00:00 DEBUG (7): Array
(
    [url] => https://ruparupa.zendesk.com/api/v2/users/me.json
    [method] => GET
    [data] => null
)

2016-04-07T13:45:17+00:00 DEBUG (7): array (
  'user' => 
  array (
    'id' => NULL,
    'url' => NULL,
    'name' => 'Pengguna anonim',
    'email' => 'invalid@example.com',
    'created_at' => NULL,
    'updated_at' => NULL,
    'time_zone' => 'Jakarta',
    'phone' => NULL,
    'photo' => NULL,
    'locale_id' => 77,
    'locale' => 'id',
    'organization_id' => NULL,
    'role' => 'end-user',
    'verified' => false,
  ),
)
2016-04-07T13:45:17+00:00 DEBUG (7): Array
(
    [url] => https://ruparupa.zendesk.com/api/v2/users/me.json
    [method] => GET
    [data] => null
)

2016-04-07T13:45:18+00:00 DEBUG (7): array (
  'user' => 
  array (
    'id' => NULL,
    'url' => NULL,
    'name' => 'Pengguna anonim',
    'email' => 'invalid@example.com',
    'created_at' => NULL,
    'updated_at' => NULL,
    'time_zone' => 'Jakarta',
    'phone' => NULL,
    'photo' => NULL,
    'locale_id' => 77,
    'locale' => 'id',
    'organization_id' => NULL,
    'role' => 'end-user',
    'verified' => false,
  ),
)
2016-04-07T16:03:26+00:00 DEBUG (7): Array
(
    [url] => https://ruparupa.zendesk.com/api/v2/users/me.json
    [method] => GET
    [data] => null
)

2016-04-07T16:03:27+00:00 DEBUG (7): array (
  'user' => 
  array (
    'id' => NULL,
    'url' => NULL,
    'name' => 'Pengguna anonim',
    'email' => 'invalid@example.com',
    'created_at' => NULL,
    'updated_at' => NULL,
    'time_zone' => 'Jakarta',
    'phone' => NULL,
    'photo' => NULL,
    'locale_id' => 77,
    'locale' => 'id',
    'organization_id' => NULL,
    'role' => 'end-user',
    'verified' => false,
  ),
)
2016-04-07T16:03:27+00:00 DEBUG (7): Array
(
    [url] => https://ruparupa.zendesk.com/api/v2/users/me.json
    [method] => GET
    [data] => null
)

2016-04-07T16:03:28+00:00 DEBUG (7): array (
  'user' => 
  array (
    'id' => NULL,
    'url' => NULL,
    'name' => 'Pengguna anonim',
    'email' => 'invalid@example.com',
    'created_at' => NULL,
    'updated_at' => NULL,
    'time_zone' => 'Jakarta',
    'phone' => NULL,
    'photo' => NULL,
    'locale_id' => 77,
    'locale' => 'id',
    'organization_id' => NULL,
    'role' => 'end-user',
    'verified' => false,
  ),
)
2016-04-11T10:22:49+00:00 DEBUG (7): Array
(
    [url] => https://ruparupa.zendesk.com/api/v2/users/me.json
    [method] => GET
    [data] => null
)

2016-04-11T10:22:49+00:00 ERR (3): Call to https://ruparupa.zendesk.com/api/v2/users/me.json resulted in: Unable to Connect to ssl://ruparupa.zendesk.com:443. Error #61: Connection refused
2016-04-11T10:22:49+00:00 ERR (3): --Last Request: 
2016-04-11T10:22:49+00:00 ERR (3): --Last Response: 
2016-04-11T10:22:49+00:00 DEBUG (7): Array
(
    [url] => https://ruparupa.zendesk.com/api/v2/users/me.json
    [method] => GET
    [data] => null
)

2016-04-11T10:22:49+00:00 ERR (3): Call to https://ruparupa.zendesk.com/api/v2/users/me.json resulted in: Unable to Connect to ssl://ruparupa.zendesk.com:443. Error #61: Connection refused
2016-04-11T10:22:49+00:00 ERR (3): --Last Request: 
2016-04-11T10:22:49+00:00 ERR (3): --Last Response: 
2016-04-11T10:32:09+00:00 DEBUG (7): Array
(
    [url] => https://ruparupa.zendesk.com/api/v2/users/me.json
    [method] => GET
    [data] => null
)

2016-04-11T10:32:14+00:00 ERR (3): Call to https://ruparupa.zendesk.com/api/v2/users/me.json resulted in: Unable to Connect to ssl://ruparupa.zendesk.com:443. Error #61: Connection refused
2016-04-11T10:32:14+00:00 ERR (3): --Last Request: 
2016-04-11T10:32:14+00:00 ERR (3): --Last Response: 
2016-04-11T10:32:14+00:00 DEBUG (7): Array
(
    [url] => https://ruparupa.zendesk.com/api/v2/users/me.json
    [method] => GET
    [data] => null
)

2016-04-11T10:32:18+00:00 ERR (3): Call to https://ruparupa.zendesk.com/api/v2/users/me.json resulted in: Unable to Connect to ssl://ruparupa.zendesk.com:443. Error #61: Connection refused
2016-04-11T10:32:18+00:00 ERR (3): --Last Request: 
2016-04-11T10:32:18+00:00 ERR (3): --Last Response: 
2016-04-12T07:27:52+00:00 DEBUG (7): Array
(
    [url] => https://ruparupa.zendesk.com/api/v2/users/me.json
    [method] => GET
    [data] => null
)

2016-04-12T07:27:56+00:00 DEBUG (7): array (
  'user' => 
  array (
    'id' => NULL,
    'url' => NULL,
    'name' => 'Pengguna anonim',
    'email' => 'invalid@example.com',
    'created_at' => NULL,
    'updated_at' => NULL,
    'time_zone' => 'Jakarta',
    'phone' => NULL,
    'photo' => NULL,
    'locale_id' => 77,
    'locale' => 'id',
    'organization_id' => NULL,
    'role' => 'end-user',
    'verified' => false,
  ),
)
2016-04-12T07:27:56+00:00 DEBUG (7): Array
(
    [url] => https://ruparupa.zendesk.com/api/v2/users/me.json
    [method] => GET
    [data] => null
)

2016-04-12T07:27:58+00:00 DEBUG (7): array (
  'user' => 
  array (
    'id' => NULL,
    'url' => NULL,
    'name' => 'Pengguna anonim',
    'email' => 'invalid@example.com',
    'created_at' => NULL,
    'updated_at' => NULL,
    'time_zone' => 'Jakarta',
    'phone' => NULL,
    'photo' => NULL,
    'locale_id' => 77,
    'locale' => 'id',
    'organization_id' => NULL,
    'role' => 'end-user',
    'verified' => false,
  ),
)
2016-04-12T08:45:10+00:00 DEBUG (7): Array
(
    [url] => https://ruparupa.zendesk.com/api/v2/users/me.json
    [method] => GET
    [data] => null
)

2016-04-12T08:45:12+00:00 DEBUG (7): array (
  'user' => 
  array (
    'id' => NULL,
    'url' => NULL,
    'name' => 'Pengguna anonim',
    'email' => 'invalid@example.com',
    'created_at' => NULL,
    'updated_at' => NULL,
    'time_zone' => 'Jakarta',
    'phone' => NULL,
    'photo' => NULL,
    'locale_id' => 77,
    'locale' => 'id',
    'organization_id' => NULL,
    'role' => 'end-user',
    'verified' => false,
  ),
)
2016-04-12T08:45:12+00:00 DEBUG (7): Array
(
    [url] => https://ruparupa.zendesk.com/api/v2/users/me.json
    [method] => GET
    [data] => null
)

2016-04-12T08:45:13+00:00 DEBUG (7): array (
  'user' => 
  array (
    'id' => NULL,
    'url' => NULL,
    'name' => 'Pengguna anonim',
    'email' => 'invalid@example.com',
    'created_at' => NULL,
    'updated_at' => NULL,
    'time_zone' => 'Jakarta',
    'phone' => NULL,
    'photo' => NULL,
    'locale_id' => 77,
    'locale' => 'id',
    'organization_id' => NULL,
    'role' => 'end-user',
    'verified' => false,
  ),
)
2016-04-20T02:42:51+00:00 DEBUG (7): Array
(
    [url] => https://ruparupa.zendesk.com/api/v2/users/me.json
    [method] => GET
    [data] => null
)

2016-04-20T02:51:21+00:00 DEBUG (7): Array
(
    [url] => https://ruparupa.zendesk.com/api/v2/users/me.json
    [method] => GET
    [data] => null
)

2016-04-20T02:51:24+00:00 DEBUG (7): array (
  'user' => 
  array (
    'id' => NULL,
    'url' => NULL,
    'name' => 'Pengguna anonim',
    'email' => 'invalid@example.com',
    'created_at' => NULL,
    'updated_at' => NULL,
    'time_zone' => 'Jakarta',
    'phone' => NULL,
    'photo' => NULL,
    'locale_id' => 77,
    'locale' => 'id',
    'organization_id' => NULL,
    'role' => 'end-user',
    'verified' => false,
  ),
)
2016-04-20T02:51:24+00:00 DEBUG (7): Array
(
    [url] => https://ruparupa.zendesk.com/api/v2/users/me.json
    [method] => GET
    [data] => null
)

2016-04-20T02:51:25+00:00 DEBUG (7): array (
  'user' => 
  array (
    'id' => NULL,
    'url' => NULL,
    'name' => 'Pengguna anonim',
    'email' => 'invalid@example.com',
    'created_at' => NULL,
    'updated_at' => NULL,
    'time_zone' => 'Jakarta',
    'phone' => NULL,
    'photo' => NULL,
    'locale_id' => 77,
    'locale' => 'id',
    'organization_id' => NULL,
    'role' => 'end-user',
    'verified' => false,
  ),
)
